2018-09-13 07:28:38 +0000  Initial pipeline context: <IDEDistributionProcessingPipelineContext: 0x7fbbc01b4610; archive(resolved)='<IDEArchive: 0x7fbbc0155560>', distributionTask(resolved)='2', distributionMethod(resolved)='<IDEDistributionMethodiOSAppStoreExport: 0x7fbbb5beea20>', team(resolved)='<IDEProvisioningBasicTeam: 0x7fbbc044cf20; teamID='JND9XWCEGQ', teamName='Yuangang Sheng'>'>
	Chain (11, self inclusive):
	<IDEDistributionProcessingPipelineContext: 0x7fbbc01b4610; archive = '<IDEArchive: 0x7fbbc0155560>', distributionMethod='<IDEDistributionMethodiOSAppStoreExport: 0x7fbbb5beea20>', team='<IDEProvisioningBasicTeam: 0x7fbbc044cf20; teamID='JND9XWCEGQ', teamName='Yuangang Sheng'>'>
	<IDEDistributionProcessingPipelineContext: 0x7fbbc012f5c0; archive = '<IDEArchive: 0x7fbbc0155560>', distributionMethod='<IDEDistributionMethodiOSAppStoreExport: 0x7fbbb5beea20>', team='<IDEProvisioningBasicTeam: 0x7fbbc044cf20; teamID='JND9XWCEGQ', teamName='Yuangang Sheng'>'>
	<IDEDistributionContext: 0x7fbbbfa60ea0; archive = '<IDEArchive: 0x7fbbc0155560>', distributionMethod='<IDEDistributionMethodiOSAppStoreExport: 0x7fbbb5beea20>', team='<IDEProvisioningBasicTeam: 0x7fbbc044cf20; teamID='JND9XWCEGQ', teamName='Yuangang Sheng'>'>
	<IDEDistributionContext: 0x7fbbc05aa8d0; archive = '<IDEArchive: 0x7fbbc0155560>', distributionMethod='<IDEDistributionMethodiOSAppStoreExport: 0x7fbbb5beea20>', team='<IDEProvisioningBasicTeam: 0x7fbbc044cf20; teamID='JND9XWCEGQ', teamName='Yuangang Sheng'>'>
	<IDEDistributionContext: 0x7fbbb46d45d0; archive = '<IDEArchive: 0x7fbbc0155560>', distributionMethod='<IDEDistributionMethodiOSAppStoreExport: 0x7fbbb5beea20>', team='<IDEProvisioningBasicTeam: 0x7fbbc044cf20; teamID='JND9XWCEGQ', teamName='Yuangang Sheng'>'>
	<IDEDistributionContext: 0x7fbbc033cab0; archive = '<IDEArchive: 0x7fbbc0155560>', distributionMethod='<IDEDistributionMethodiOSAppStoreExport: 0x7fbbb5beea20>', team='<IDEProvisioningBasicTeam: 0x7fbbc044cf20; teamID='JND9XWCEGQ', teamName='Yuangang Sheng'>'>
	<IDEDistributionContext: 0x7fbbbf09c070; archive = '<IDEArchive: 0x7fbbc0155560>', distributionMethod='<IDEDistributionMethodiOSAppStoreExport: 0x7fbbb5beea20>', team='<IDEProvisioningBasicTeam: 0x7fbbc044cf20; teamID='JND9XWCEGQ', teamName='Yuangang Sheng'>'>
	<IDEDistributionContext: 0x7fbbbf0cab60; archive = '<IDEArchive: 0x7fbbc0155560>', distributionMethod='<IDEDistributionMethodiOSAppStoreExport: 0x7fbbb5beea20>', team='<IDEProvisioningBasicTeam: 0x7fbbc044cf20; teamID='JND9XWCEGQ', teamName='Yuangang Sheng'>'>
	<IDEDistributionContext: 0x7fbbbebb8b70; archive = '<IDEArchive: 0x7fbbc0155560>', distributionMethod='<IDEDistributionMethodiOSAppStoreExport: 0x7fbbb5beea20>', team='<IDEProvisioningBasicTeam: 0x7fbbc044cf20; teamID='JND9XWCEGQ', teamName='Yuangang Sheng'>'>
	<IDEDistributionContext: 0x7fbbc0909ef0; archive = '<IDEArchive: 0x7fbbc0155560>', distributionMethod='<IDEDistributionMethodiOSAppStoreExport: 0x7fbbb5beea20>', team='(null)'>
	<IDEDistributionContext: 0x7fbbba008ac0; archive = '<IDEArchive: 0x7fbbc0155560>', distributionMethod='(null)', team='(null)'>
</IDEDistributionProcessingPipelineContext: 0x7fbbc01b4610>
2018-09-13 07:28:38 +0000  Processing step: IDEDistributionCreateDestRootStep
2018-09-13 07:28:38 +0000  Processing step: IDEDistributionCopyItemStep
2018-09-13 07:28:38 +0000  Running /usr/bin/ditto '-V' '/Users/johnnysheng/Library/Developer/Xcode/Archives/2018-09-13/myMath 2018-9-13 下午3.27.xcarchive/Products/Applications/myMath.app' '/var/folders/9z/cswx_nyx2p5bzx0whf_h4w5w0000gn/T/XcodeDistPipeline.asY/Root/Payload/myMath.app'
2018-09-13 07:28:38 +0000  >>> Copying /Users/johnnysheng/Library/Developer/Xcode/Archives/2018-09-13/myMath 2018-9-13 下午3.27.xcarchive/Products/Applications/myMath.app 
2018-09-13 07:28:38 +0000  copying file ./_CodeSignature/CodeResources ... 
2018-09-13 07:28:38 +0000  7333 bytes for ./_CodeSignature/CodeResources
2018-09-13 07:28:38 +0000  copying file ./Base.lproj/Main.storyboardc/f64-qX-FdI-view-Hic-xZ-A6G.nib ... 
2018-09-13 07:28:38 +0000  5534 bytes for ./Base.lproj/Main.storyboardc/f64-qX-FdI-view-Hic-xZ-A6G.nib
2018-09-13 07:28:38 +0000  copying file ./Base.lproj/Main.storyboardc/UINavigationController-kiq-vb-tMy.nib ... 
2018-09-13 07:28:38 +0000  1709 bytes for ./Base.lproj/Main.storyboardc/UINavigationController-kiq-vb-tMy.nib
2018-09-13 07:28:38 +0000  copying file ./Base.lproj/Main.storyboardc/Info.plist ... 
2018-09-13 07:28:38 +0000  276 bytes for ./Base.lproj/Main.storyboardc/Info.plist
2018-09-13 07:28:38 +0000  copying file ./Base.lproj/LaunchScreen.storyboardc/01J-lp-oVM-view-Ze5-6b-2t3.nib ... 
2018-09-13 07:28:38 +0000  1136 bytes for ./Base.lproj/LaunchScreen.storyboardc/01J-lp-oVM-view-Ze5-6b-2t3.nib
2018-09-13 07:28:38 +0000  copying file ./Base.lproj/LaunchScreen.storyboardc/UIViewController-01J-lp-oVM.nib ... 
2018-09-13 07:28:38 +0000  832 bytes for ./Base.lproj/LaunchScreen.storyboardc/UIViewController-01J-lp-oVM.nib
2018-09-13 07:28:38 +0000  copying file ./Base.lproj/LaunchScreen.storyboardc/Info.plist ... 
2018-09-13 07:28:38 +0000  258 bytes for ./Base.lproj/LaunchScreen.storyboardc/Info.plist
2018-09-13 07:28:38 +0000  copying file ./Frameworks/libswiftCoreImage.dylib ... 
2018-09-13 07:28:38 +0000  349408 bytes for ./Frameworks/libswiftCoreImage.dylib
2018-09-13 07:28:38 +0000  copying file ./Frameworks/libswiftObjectiveC.dylib ... 
2018-09-13 07:28:38 +0000  595872 bytes for ./Frameworks/libswiftObjectiveC.dylib
2018-09-13 07:28:38 +0000  copying file ./Frameworks/libswiftCore.dylib ... 
2018-09-13 07:28:38 +0000  66704336 bytes for ./Frameworks/libswiftCore.dylib
2018-09-13 07:28:39 +0000  copying file ./Frameworks/libswiftCoreGraphics.dylib ... 
1637568 bytes for ./Frameworks/libswiftCoreGraphics.dylib
copying file ./Frameworks/libswiftUIKit.dylib ... 
1084800 bytes for ./Frameworks/libswiftUIKit.dylib
copying file ./Frameworks/libswiftMetal.dylib ... 
457904 bytes for ./Frameworks/libswiftMetal.dylib
copying file ./Frameworks/libswiftDispatch.dylib ... 
2018-09-13 07:28:39 +0000  2764080 bytes for ./Frameworks/libswiftDispatch.dylib
2018-09-13 07:28:39 +0000  copying file ./Frameworks/libswiftos.dylib ... 
2018-09-13 07:28:39 +0000  506160 bytes for ./Frameworks/libswiftos.dylib
2018-09-13 07:28:39 +0000  copying file ./Frameworks/libswiftCoreFoundation.dylib ... 
2018-09-13 07:28:39 +0000  299520 bytes for ./Frameworks/libswiftCoreFoundation.dylib
copying file ./Frameworks/libswiftDarwin.dylib ... 
2018-09-13 07:28:39 +0000  847744 bytes for ./Frameworks/libswiftDarwin.dylib
2018-09-13 07:28:39 +0000  copying file ./Frameworks/libswiftQuartzCore.dylib ... 
2018-09-13 07:28:39 +0000  352400 bytes for ./Frameworks/libswiftQuartzCore.dylib
2018-09-13 07:28:39 +0000  copying file ./Frameworks/libswiftFoundation.dylib ... 
2018-09-13 07:28:39 +0000  30207024 bytes for ./Frameworks/libswiftFoundation.dylib
2018-09-13 07:28:39 +0000  2018-09-13 07:28:39 +0000  /usr/bin/ditto exited with 0

2018-09-13 07:28:39 +0000  copying file ./embedded.mobileprovision ... 
9314 bytes for ./embedded.mobileprovision
copying file ./Info.plist ... 
1142 bytes for ./Info.plist
copying file ./PkgInfo ... 
8 bytes for ./PkgInfo
copying file ./myMath ... 
326784 bytes for ./myMath
2018-09-13 07:28:39 +0000  
2018-09-13 07:28:39 +0000  Processing step: IDEDistributionEmbedProfileStep
2018-09-13 07:28:39 +0000  Skipping profile for item: <IDEDistributionItem: 0x7fbbc983b600 'com.apple.dt.runtime.swiftCore' '<DVTFilePath:0x7fbbc00e1900:'/Users/johnnysheng/Library/Developer/Xcode/Archives/2018-09-13/myMath 2018-9-13 下午3.27.xcarchive/Products/Applications/myMath.app/Frameworks/libswiftCore.dylib'>'>
2018-09-13 07:28:39 +0000  Skipping profile for item: <IDEDistributionItem: 0x7fbbbe772d10 'com.apple.dt.runtime.swiftCoreFoundation' '<DVTFilePath:0x7fbbc0158c20:'/Users/johnnysheng/Library/Developer/Xcode/Archives/2018-09-13/myMath 2018-9-13 下午3.27.xcarchive/Products/Applications/myMath.app/Frameworks/libswiftCoreFoundation.dylib'>'>
2018-09-13 07:28:39 +0000  Skipping profile for item: <IDEDistributionItem: 0x7fbbbfead5d0 'com.apple.dt.runtime.swiftCoreGraphics' '<DVTFilePath:0x7fbbbfb99e10:'/Users/johnnysheng/Library/Developer/Xcode/Archives/2018-09-13/myMath 2018-9-13 下午3.27.xcarchive/Products/Applications/myMath.app/Frameworks/libswiftCoreGraphics.dylib'>'>
2018-09-13 07:28:39 +0000  Skipping profile for item: <IDEDistributionItem: 0x7fbbc015fe90 'com.apple.dt.runtime.swiftCoreImage' '<DVTFilePath:0x7fbbcd0d2cc0:'/Users/johnnysheng/Library/Developer/Xcode/Archives/2018-09-13/myMath 2018-9-13 下午3.27.xcarchive/Products/Applications/myMath.app/Frameworks/libswiftCoreImage.dylib'>'>
2018-09-13 07:28:39 +0000  Skipping profile for item: <IDEDistributionItem: 0x7fbbbfefa3c0 'com.apple.dt.runtime.swiftDarwin' '<DVTFilePath:0x7fbbc0159020:'/Users/johnnysheng/Library/Developer/Xcode/Archives/2018-09-13/myMath 2018-9-13 下午3.27.xcarchive/Products/Applications/myMath.app/Frameworks/libswiftDarwin.dylib'>'>
2018-09-13 07:28:39 +0000  Skipping profile for item: <IDEDistributionItem: 0x7fbbbfad5790 'com.apple.dt.runtime.swiftDispatch' '<DVTFilePath:0x7fbbc01cd7a0:'/Users/johnnysheng/Library/Developer/Xcode/Archives/2018-09-13/myMath 2018-9-13 下午3.27.xcarchive/Products/Applications/myMath.app/Frameworks/libswiftDispatch.dylib'>'>
2018-09-13 07:28:39 +0000  Skipping profile for item: <IDEDistributionItem: 0x7fbbc01386f0 'com.apple.dt.runtime.swiftFoundation' '<DVTFilePath:0x7fbbc08f14e0:'/Users/johnnysheng/Library/Developer/Xcode/Archives/2018-09-13/myMath 2018-9-13 下午3.27.xcarchive/Products/Applications/myMath.app/Frameworks/libswiftFoundation.dylib'>'>
2018-09-13 07:28:39 +0000  Skipping profile for item: <IDEDistributionItem: 0x7fbbbfc9aba0 'com.apple.dt.runtime.swiftMetal' '<DVTFilePath:0x7fbbc010cb80:'/Users/johnnysheng/Library/Developer/Xcode/Archives/2018-09-13/myMath 2018-9-13 下午3.27.xcarchive/Products/Applications/myMath.app/Frameworks/libswiftMetal.dylib'>'>
2018-09-13 07:28:39 +0000  Skipping profile for item: <IDEDistributionItem: 0x7fbbc0555b60 'com.apple.dt.runtime.swiftObjectiveC' '<DVTFilePath:0x7fbbbe53f690:'/Users/johnnysheng/Library/Developer/Xcode/Archives/2018-09-13/myMath 2018-9-13 下午3.27.xcarchive/Products/Applications/myMath.app/Frameworks/libswiftObjectiveC.dylib'>'>
2018-09-13 07:28:39 +0000  Skipping profile for item: <IDEDistributionItem: 0x7fbbbfc28ca0 'com.apple.dt.runtime.swiftQuartzCore' '<DVTFilePath:0x7fbbc013e890:'/Users/johnnysheng/Library/Developer/Xcode/Archives/2018-09-13/myMath 2018-9-13 下午3.27.xcarchive/Products/Applications/myMath.app/Frameworks/libswiftQuartzCore.dylib'>'>
2018-09-13 07:28:39 +0000  Skipping profile for item: <IDEDistributionItem: 0x7fbbc016f280 'com.apple.dt.runtime.swiftUIKit' '<DVTFilePath:0x7fbbbee87470:'/Users/johnnysheng/Library/Developer/Xcode/Archives/2018-09-13/myMath 2018-9-13 下午3.27.xcarchive/Products/Applications/myMath.app/Frameworks/libswiftUIKit.dylib'>'>
2018-09-13 07:28:39 +0000  Skipping profile for item: <IDEDistributionItem: 0x7fbbbe328210 'com.apple.dt.runtime.swiftos' '<DVTFilePath:0x7fbbc00112a0:'/Users/johnnysheng/Library/Developer/Xcode/Archives/2018-09-13/myMath 2018-9-13 下午3.27.xcarchive/Products/Applications/myMath.app/Frameworks/libswiftos.dylib'>'>
2018-09-13 07:28:39 +0000  Processing step: IDEDistributionItemRemovalStep
2018-09-13 07:28:39 +0000  Processing step: IDEDistributionAppThinningPlistStep
2018-09-13 07:28:39 +0000  Skipping step: IDEDistributionAppThinningPlistStep because it said so
2018-09-13 07:28:39 +0000  Processing step: IDEDistributionCompileBitcodeStep
2018-09-13 07:28:39 +0000  Skipping step: IDEDistributionCompileBitcodeStep because it said so
2018-09-13 07:28:39 +0000  Processing step: IDEDistributionCodeSlimmingStep
2018-09-13 07:28:39 +0000  Processing step: IDEDistributionCopyBCSymbolMapsStep
2018-09-13 07:28:39 +0000  Running /usr/bin/ditto '-V' '/Users/johnnysheng/Library/Developer/Xcode/Archives/2018-09-13/myMath 2018-9-13 下午3.27.xcarchive/BCSymbolMaps/78E93332-7B1A-3185-AD25-FCAE7023ECBE.bcsymbolmap' '/var/folders/9z/cswx_nyx2p5bzx0whf_h4w5w0000gn/T/XcodeDistPipeline.asY/Root/BCSymbolMaps/78E93332-7B1A-3185-AD25-FCAE7023ECBE.bcsymbolmap'
2018-09-13 07:28:39 +0000  >>> Copying /Users/johnnysheng/Library/Developer/Xcode/Archives/2018-09-13/myMath 2018-9-13 下午3.27.xcarchive/BCSymbolMaps/78E93332-7B1A-3185-AD25-FCAE7023ECBE.bcsymbolmap 
2018-09-13 07:28:39 +0000  copying file ./78E93332-7B1A-3185-AD25-FCAE7023ECBE.bcsymbolmap ... 
2018-09-13 07:28:39 +0000  36725 bytes for ./78E93332-7B1A-3185-AD25-FCAE7023ECBE.bcsymbolmap
2018-09-13 07:28:39 +0000  
2018-09-13 07:28:39 +0000  
2018-09-13 07:28:39 +0000  /usr/bin/ditto exited with 0
2018-09-13 07:28:39 +0000  2018-09-13 07:28:39 +0000  

2018-09-13 07:28:39 +0000  Processing step: IDEDistributionSymbolsStep
2018-09-13 07:28:39 +0000  Processing symbols for libswiftCore.dylib
2018-09-13 07:28:39 +0000  Running /usr/bin/rsync '-8aPhhE' '/var/folders/9z/cswx_nyx2p5bzx0whf_h4w5w0000gn/T/XcodeDistPipeline.asY/Root/Payload/myMath.app/Frameworks/libswiftCore.dylib' '--link-dest' '/var/folders/9z/cswx_nyx2p5bzx0whf_h4w5w0000gn/T/XcodeDistPipeline.asY/Root/Payload/myMath.app/Frameworks' '/var/folders/9z/cswx_nyx2p5bzx0whf_h4w5w0000gn/T/XcodeDistPipeline.asY'
2018-09-13 07:28:39 +0000  building file list ... 
2018-09-13 07:28:39 +0000   0 files...2018-09-13 07:28:39 +0000  1 file to consider
2018-09-13 07:28:39 +0000  
2018-09-13 07:28:39 +0000  sent 96 bytes  received 20 bytes  232.00 bytes/sec
total size is 63.61M  speedup is 575037.38
2018-09-13 07:28:39 +0000  2018-09-13 07:28:39 +0000  

2018-09-13 07:28:39 +0000  /usr/bin/rsync exited with 0
2018-09-13 07:28:39 +0000  2018-09-13 07:28:39 +0000  

2018-09-13 07:28:39 +0000  Running /usr/bin/rsync '-8aPhhE' '/Users/johnnysheng/Library/Developer/Xcode/Archives/2018-09-13/myMath 2018-9-13 下午3.27.xcarchive/dSYMs/' '--link-dest' '/Users/johnnysheng/Library/Developer/Xcode/Archives/2018-09-13/myMath 2018-9-13 下午3.27.xcarchive/dSYMs/' '/var/folders/9z/cswx_nyx2p5bzx0whf_h4w5w0000gn/T/XcodeDistPipeline.asY'
2018-09-13 07:28:39 +0000  building file list ... 
2018-09-13 07:28:39 +0000   0 files...2018-09-13 07:28:39 +0000  7 files to consider
2018-09-13 07:28:39 +0000  ./
2018-09-13 07:28:39 +0000  myMath.app.dSYM/
2018-09-13 07:28:39 +0000  myMath.app.dSYM/Contents/
myMath.app.dSYM/Contents/Resources/
myMath.app.dSYM/Contents/Resources/DWARF/
2018-09-13 07:28:39 +0000  
2018-09-13 07:28:39 +0000  sent 224 bytes  received 50 bytes  548.00 bytes/sec
total size is 171.70K  speedup is 641.68
2018-09-13 07:28:39 +0000  2018-09-13 07:28:39 +0000  

2018-09-13 07:28:39 +0000  /usr/bin/rsync exited with 02018-09-13 07:28:39 +0000  

2018-09-13 07:28:39 +0000  
2018-09-13 07:28:39 +0000  Running /Applications/Xcode.app/Contents/Developer/usr/bin/symbols '-noTextInSOD' '-noDaemon' '-arch' 'all' '-symbolsPackageDir' '/var/folders/9z/cswx_nyx2p5bzx0whf_h4w5w0000gn/T/XcodeDistPipeline.asY/Symbols' '/var/folders/9z/cswx_nyx2p5bzx0whf_h4w5w0000gn/T/XcodeDistPipeline.asY/libswiftCore.dylib'
2018-09-13 07:28:41 +0000  /var/folders/9z/cswx_nyx2p5bzx0whf_h4w5w0000gn/T/XcodeDistPipeline.asY/libswiftCore.dylib [armv7, 0.486715 seconds]:
/var/folders/9z/cswx_nyx2p5bzx0whf_h4w5w0000gn/T/XcodeDistPipeline.asY/libswiftCore.dylib [armv7s, 0.486715 seconds]:
/var/folders/9z/cswx_nyx2p5bzx0whf_h4w5w0000gn/T/XcodeDistPipeline.asY/libswiftCore.dylib [arm64, 0.486715 seconds]:
2018-09-13 07:28:41 +0000  
2018-09-13 07:28:41 +0000  2018-09-13 07:28:41 +0000  /Applications/Xcode.app/Contents/Developer/usr/bin/symbols exited with 02018-09-13 07:28:41 +0000  


2018-09-13 07:28:41 +0000  Processing symbols for libswiftCoreFoundation.dylib
2018-09-13 07:28:41 +0000  Running /usr/bin/rsync '-8aPhhE' '/var/folders/9z/cswx_nyx2p5bzx0whf_h4w5w0000gn/T/XcodeDistPipeline.asY/Root/Payload/myMath.app/Frameworks/libswiftCoreFoundation.dylib' '--link-dest' '/var/folders/9z/cswx_nyx2p5bzx0whf_h4w5w0000gn/T/XcodeDistPipeline.asY/Root/Payload/myMath.app/Frameworks' '/var/folders/9z/cswx_nyx2p5bzx0whf_h4w5w0000gn/T/XcodeDistPipeline.asY'
2018-09-13 07:28:41 +0000  building file list ... 
2018-09-13 07:28:41 +0000   0 files...2018-09-13 07:28:41 +0000  1 file to consider
2018-09-13 07:28:41 +0000  
sent 106 bytes  received 20 bytes  252.00 bytes/sec
total size is 292.50K  speedup is 2377.14
2018-09-13 07:28:41 +0000  2018-09-13 07:28:41 +0000  

2018-09-13 07:28:41 +0000  /usr/bin/rsync exited with 02018-09-13 07:28:41 +0000  2018-09-13 07:28:41 +0000  


2018-09-13 07:28:41 +0000  Running /usr/bin/rsync '-8aPhhE' '/Users/johnnysheng/Library/Developer/Xcode/Archives/2018-09-13/myMath 2018-9-13 下午3.27.xcarchive/dSYMs/' '--link-dest' '/Users/johnnysheng/Library/Developer/Xcode/Archives/2018-09-13/myMath 2018-9-13 下午3.27.xcarchive/dSYMs/' '/var/folders/9z/cswx_nyx2p5bzx0whf_h4w5w0000gn/T/XcodeDistPipeline.asY'
2018-09-13 07:28:41 +0000  building file list ... 
2018-09-13 07:28:41 +0000   0 files...2018-09-13 07:28:41 +0000  7 files to consider
2018-09-13 07:28:41 +0000  ./
2018-09-13 07:28:41 +0000  myMath.app.dSYM/
myMath.app.dSYM/Contents/
myMath.app.dSYM/Contents/Resources/
myMath.app.dSYM/Contents/Resources/DWARF/
2018-09-13 07:28:41 +0000  
sent 236 bytes  received 62 bytes  596.00 bytes/sec
total size is 171.70K  speedup is 590.00
2018-09-13 07:28:41 +0000  2018-09-13 07:28:41 +0000  

2018-09-13 07:28:41 +0000  /usr/bin/rsync exited with 02018-09-13 07:28:41 +0000  2018-09-13 07:28:41 +0000  


2018-09-13 07:28:41 +0000  Running /Applications/Xcode.app/Contents/Developer/usr/bin/symbols '-noTextInSOD' '-noDaemon' '-arch' 'all' '-symbolsPackageDir' '/var/folders/9z/cswx_nyx2p5bzx0whf_h4w5w0000gn/T/XcodeDistPipeline.asY/Symbols' '/var/folders/9z/cswx_nyx2p5bzx0whf_h4w5w0000gn/T/XcodeDistPipeline.asY/libswiftCoreFoundation.dylib'
2018-09-13 07:28:41 +0000  /var/folders/9z/cswx_nyx2p5bzx0whf_h4w5w0000gn/T/XcodeDistPipeline.asY/libswiftCoreFoundation.dylib [armv7, 0.002086 seconds]:
/var/folders/9z/cswx_nyx2p5bzx0whf_h4w5w0000gn/T/XcodeDistPipeline.asY/libswiftCoreFoundation.dylib [armv7s, 0.002086 seconds]:
/var/folders/9z/cswx_nyx2p5bzx0whf_h4w5w0000gn/T/XcodeDistPipeline.asY/libswiftCoreFoundation.dylib [arm64, 0.002086 seconds]:
2018-09-13 07:28:41 +0000  2018-09-13 07:28:41 +0000  

2018-09-13 07:28:41 +0000  /Applications/Xcode.app/Contents/Developer/usr/bin/symbols exited with 02018-09-13 07:28:41 +0000  2018-09-13 07:28:41 +0000  


2018-09-13 07:28:41 +0000  Processing symbols for libswiftCoreGraphics.dylib
2018-09-13 07:28:41 +0000  Running /usr/bin/rsync '-8aPhhE' '/var/folders/9z/cswx_nyx2p5bzx0whf_h4w5w0000gn/T/XcodeDistPipeline.asY/Root/Payload/myMath.app/Frameworks/libswiftCoreGraphics.dylib' '--link-dest' '/var/folders/9z/cswx_nyx2p5bzx0whf_h4w5w0000gn/T/XcodeDistPipeline.asY/Root/Payload/myMath.app/Frameworks' '/var/folders/9z/cswx_nyx2p5bzx0whf_h4w5w0000gn/T/XcodeDistPipeline.asY'
2018-09-13 07:28:41 +0000  building file list ... 
2018-09-13 07:28:41 +0000   0 files...2018-09-13 07:28:41 +0000  1 file to consider
2018-09-13 07:28:41 +0000  
sent 104 bytes  received 20 bytes  248.00 bytes/sec
total size is 1.56M  speedup is 13206.19
2018-09-13 07:28:41 +0000  
2018-09-13 07:28:41 +0000  
2018-09-13 07:28:41 +0000  /usr/bin/rsync exited with 02018-09-13 07:28:41 +0000  
2018-09-13 07:28:41 +0000  

2018-09-13 07:28:41 +0000  Running /usr/bin/rsync '-8aPhhE' '/Users/johnnysheng/Library/Developer/Xcode/Archives/2018-09-13/myMath 2018-9-13 下午3.27.xcarchive/dSYMs/' '--link-dest' '/Users/johnnysheng/Library/Developer/Xcode/Archives/2018-09-13/myMath 2018-9-13 下午3.27.xcarchive/dSYMs/' '/var/folders/9z/cswx_nyx2p5bzx0whf_h4w5w0000gn/T/XcodeDistPipeline.asY'
2018-09-13 07:28:41 +0000  building file list ... 
2018-09-13 07:28:41 +0000   0 files...2018-09-13 07:28:41 +0000  7 files to consider
2018-09-13 07:28:41 +0000  ./
2018-09-13 07:28:41 +0000  myMath.app.dSYM/
myMath.app.dSYM/Contents/
myMath.app.dSYM/Contents/Resources/
myMath.app.dSYM/Contents/Resources/DWARF/
2018-09-13 07:28:41 +0000  
sent 236 bytes  received 62 bytes  596.00 bytes/sec
2018-09-13 07:28:41 +0000  total size is 171.70K  speedup is 590.00
2018-09-13 07:28:41 +0000  
2018-09-13 07:28:41 +0000  
2018-09-13 07:28:41 +0000  /usr/bin/rsync exited with 02018-09-13 07:28:41 +0000  2018-09-13 07:28:41 +0000  


2018-09-13 07:28:41 +0000  Running /Applications/Xcode.app/Contents/Developer/usr/bin/symbols '-noTextInSOD' '-noDaemon' '-arch' 'all' '-symbolsPackageDir' '/var/folders/9z/cswx_nyx2p5bzx0whf_h4w5w0000gn/T/XcodeDistPipeline.asY/Symbols' '/var/folders/9z/cswx_nyx2p5bzx0whf_h4w5w0000gn/T/XcodeDistPipeline.asY/libswiftCoreGraphics.dylib'
2018-09-13 07:28:42 +0000  /var/folders/9z/cswx_nyx2p5bzx0whf_h4w5w0000gn/T/XcodeDistPipeline.asY/libswiftCoreGraphics.dylib [armv7, 0.024327 seconds]:
/var/folders/9z/cswx_nyx2p5bzx0whf_h4w5w0000gn/T/XcodeDistPipeline.asY/libswiftCoreGraphics.dylib [armv7s, 0.024327 seconds]:
/var/folders/9z/cswx_nyx2p5bzx0whf_h4w5w0000gn/T/XcodeDistPipeline.asY/libswiftCoreGraphics.dylib [arm64, 0.024327 seconds]:
2018-09-13 07:28:42 +0000  
2018-09-13 07:28:42 +0000  2018-09-13 07:28:42 +0000  /Applications/Xcode.app/Contents/Developer/usr/bin/symbols exited with 02018-09-13 07:28:42 +0000  


2018-09-13 07:28:42 +0000  Processing symbols for libswiftCoreImage.dylib
2018-09-13 07:28:42 +0000  Running /usr/bin/rsync '-8aPhhE' '/var/folders/9z/cswx_nyx2p5bzx0whf_h4w5w0000gn/T/XcodeDistPipeline.asY/Root/Payload/myMath.app/Frameworks/libswiftCoreImage.dylib' '--link-dest' '/var/folders/9z/cswx_nyx2p5bzx0whf_h4w5w0000gn/T/XcodeDistPipeline.asY/Root/Payload/myMath.app/Frameworks' '/var/folders/9z/cswx_nyx2p5bzx0whf_h4w5w0000gn/T/XcodeDistPipeline.asY'
2018-09-13 07:28:42 +0000  building file list ... 
2018-09-13 07:28:42 +0000   0 files...2018-09-13 07:28:42 +0000  1 file to consider
2018-09-13 07:28:42 +0000  
sent 101 bytes  received 20 bytes  242.00 bytes/sec
total size is 341.22K  speedup is 2887.67
2018-09-13 07:28:42 +0000  2018-09-13 07:28:42 +0000  

2018-09-13 07:28:42 +0000  /usr/bin/rsync exited with 02018-09-13 07:28:42 +0000  2018-09-13 07:28:42 +0000  


2018-09-13 07:28:42 +0000  Running /usr/bin/rsync '-8aPhhE' '/Users/johnnysheng/Library/Developer/Xcode/Archives/2018-09-13/myMath 2018-9-13 下午3.27.xcarchive/dSYMs/' '--link-dest' '/Users/johnnysheng/Library/Developer/Xcode/Archives/2018-09-13/myMath 2018-9-13 下午3.27.xcarchive/dSYMs/' '/var/folders/9z/cswx_nyx2p5bzx0whf_h4w5w0000gn/T/XcodeDistPipeline.asY'
2018-09-13 07:28:42 +0000  building file list ... 
2018-09-13 07:28:42 +0000   0 files...2018-09-13 07:28:42 +0000  7 files to consider
2018-09-13 07:28:42 +0000  ./
2018-09-13 07:28:42 +0000  myMath.app.dSYM/
myMath.app.dSYM/Contents/
myMath.app.dSYM/Contents/Resources/
myMath.app.dSYM/Contents/Resources/DWARF/
2018-09-13 07:28:42 +0000  
sent 236 bytes  received 62 bytes  596.00 bytes/sec
total size is 171.70K  speedup is 590.00
2018-09-13 07:28:42 +0000  2018-09-13 07:28:42 +0000  

2018-09-13 07:28:42 +0000  /usr/bin/rsync exited with 02018-09-13 07:28:42 +0000  
2018-09-13 07:28:42 +0000  

2018-09-13 07:28:42 +0000  Running /Applications/Xcode.app/Contents/Developer/usr/bin/symbols '-noTextInSOD' '-noDaemon' '-arch' 'all' '-symbolsPackageDir' '/var/folders/9z/cswx_nyx2p5bzx0whf_h4w5w0000gn/T/XcodeDistPipeline.asY/Symbols' '/var/folders/9z/cswx_nyx2p5bzx0whf_h4w5w0000gn/T/XcodeDistPipeline.asY/libswiftCoreImage.dylib'
2018-09-13 07:28:42 +0000  /var/folders/9z/cswx_nyx2p5bzx0whf_h4w5w0000gn/T/XcodeDistPipeline.asY/libswiftCoreImage.dylib [armv7, 0.003874 seconds]:
/var/folders/9z/cswx_nyx2p5bzx0whf_h4w5w0000gn/T/XcodeDistPipeline.asY/libswiftCoreImage.dylib [armv7s, 0.003874 seconds]:
/var/folders/9z/cswx_nyx2p5bzx0whf_h4w5w0000gn/T/XcodeDistPipeline.asY/libswiftCoreImage.dylib [arm64, 0.003874 seconds]:
2018-09-13 07:28:42 +0000  2018-09-13 07:28:42 +0000  

2018-09-13 07:28:42 +0000  /Applications/Xcode.app/Contents/Developer/usr/bin/symbols exited with 0
2018-09-13 07:28:42 +0000  2018-09-13 07:28:42 +0000  

2018-09-13 07:28:42 +0000  Processing symbols for libswiftDarwin.dylib
2018-09-13 07:28:42 +0000  Running /usr/bin/rsync '-8aPhhE' '/var/folders/9z/cswx_nyx2p5bzx0whf_h4w5w0000gn/T/XcodeDistPipeline.asY/Root/Payload/myMath.app/Frameworks/libswiftDarwin.dylib' '--link-dest' '/var/folders/9z/cswx_nyx2p5bzx0whf_h4w5w0000gn/T/XcodeDistPipeline.asY/Root/Payload/myMath.app/Frameworks' '/var/folders/9z/cswx_nyx2p5bzx0whf_h4w5w0000gn/T/XcodeDistPipeline.asY'
2018-09-13 07:28:42 +0000  building file list ... 
2018-09-13 07:28:42 +0000   0 files...2018-09-13 07:28:42 +0000  1 file to consider
2018-09-13 07:28:42 +0000  
sent 98 bytes  received 20 bytes  236.00 bytes/sec
total size is 827.88K  speedup is 7184.27
2018-09-13 07:28:42 +0000  2018-09-13 07:28:42 +0000  

2018-09-13 07:28:42 +0000  /usr/bin/rsync exited with 02018-09-13 07:28:42 +0000  2018-09-13 07:28:42 +0000  


2018-09-13 07:28:42 +0000  Running /usr/bin/rsync '-8aPhhE' '/Users/johnnysheng/Library/Developer/Xcode/Archives/2018-09-13/myMath 2018-9-13 下午3.27.xcarchive/dSYMs/' '--link-dest' '/Users/johnnysheng/Library/Developer/Xcode/Archives/2018-09-13/myMath 2018-9-13 下午3.27.xcarchive/dSYMs/' '/var/folders/9z/cswx_nyx2p5bzx0whf_h4w5w0000gn/T/XcodeDistPipeline.asY'
2018-09-13 07:28:42 +0000  building file list ... 
2018-09-13 07:28:42 +0000   0 files...2018-09-13 07:28:42 +0000  7 files to consider
2018-09-13 07:28:42 +0000  ./
2018-09-13 07:28:42 +0000  myMath.app.dSYM/
myMath.app.dSYM/Contents/
myMath.app.dSYM/Contents/Resources/
myMath.app.dSYM/Contents/Resources/DWARF/
2018-09-13 07:28:42 +0000  
sent 236 bytes  received 62 bytes  596.00 bytes/sec
total size is 171.70K  speedup is 590.00
2018-09-13 07:28:42 +0000  
2018-09-13 07:28:42 +0000  2018-09-13 07:28:42 +0000  /usr/bin/rsync exited with 0

2018-09-13 07:28:42 +0000  2018-09-13 07:28:42 +0000  

2018-09-13 07:28:42 +0000  Running /Applications/Xcode.app/Contents/Developer/usr/bin/symbols '-noTextInSOD' '-noDaemon' '-arch' 'all' '-symbolsPackageDir' '/var/folders/9z/cswx_nyx2p5bzx0whf_h4w5w0000gn/T/XcodeDistPipeline.asY/Symbols' '/var/folders/9z/cswx_nyx2p5bzx0whf_h4w5w0000gn/T/XcodeDistPipeline.asY/libswiftDarwin.dylib'
2018-09-13 07:28:42 +0000  /var/folders/9z/cswx_nyx2p5bzx0whf_h4w5w0000gn/T/XcodeDistPipeline.asY/libswiftDarwin.dylib [armv7, 0.011122 seconds]:
/var/folders/9z/cswx_nyx2p5bzx0whf_h4w5w0000gn/T/XcodeDistPipeline.asY/libswiftDarwin.dylib [armv7s, 0.011122 seconds]:
/var/folders/9z/cswx_nyx2p5bzx0whf_h4w5w0000gn/T/XcodeDistPipeline.asY/libswiftDarwin.dylib [arm64, 0.011122 seconds]:
2018-09-13 07:28:42 +0000  2018-09-13 07:28:42 +0000  

2018-09-13 07:28:42 +0000  /Applications/Xcode.app/Contents/Developer/usr/bin/symbols exited with 0
2018-09-13 07:28:42 +0000  
2018-09-13 07:28:42 +0000  
2018-09-13 07:28:42 +0000  Processing symbols for libswiftDispatch.dylib
2018-09-13 07:28:42 +0000  Running /usr/bin/rsync '-8aPhhE' '/var/folders/9z/cswx_nyx2p5bzx0whf_h4w5w0000gn/T/XcodeDistPipeline.asY/Root/Payload/myMath.app/Frameworks/libswiftDispatch.dylib' '--link-dest' '/var/folders/9z/cswx_nyx2p5bzx0whf_h4w5w0000gn/T/XcodeDistPipeline.asY/Root/Payload/myMath.app/Frameworks' '/var/folders/9z/cswx_nyx2p5bzx0whf_h4w5w0000gn/T/XcodeDistPipeline.asY'
2018-09-13 07:28:42 +0000  building file list ... 
2018-09-13 07:28:42 +0000   0 files...2018-09-13 07:28:42 +0000  1 file to consider
2018-09-13 07:28:42 +0000  
sent 100 bytes  received 20 bytes  240.00 bytes/sec
total size is 2.64M  speedup is 23034.00
2018-09-13 07:28:42 +0000  2018-09-13 07:28:42 +0000  

2018-09-13 07:28:42 +0000  /usr/bin/rsync exited with 02018-09-13 07:28:42 +0000  

2018-09-13 07:28:42 +0000  
2018-09-13 07:28:42 +0000  Running /usr/bin/rsync '-8aPhhE' '/Users/johnnysheng/Library/Developer/Xcode/Archives/2018-09-13/myMath 2018-9-13 下午3.27.xcarchive/dSYMs/' '--link-dest' '/Users/johnnysheng/Library/Developer/Xcode/Archives/2018-09-13/myMath 2018-9-13 下午3.27.xcarchive/dSYMs/' '/var/folders/9z/cswx_nyx2p5bzx0whf_h4w5w0000gn/T/XcodeDistPipeline.asY'
2018-09-13 07:28:42 +0000  building file list ... 
2018-09-13 07:28:42 +0000   0 files...2018-09-13 07:28:42 +0000  7 files to consider
2018-09-13 07:28:42 +0000  ./
2018-09-13 07:28:42 +0000  myMath.app.dSYM/
myMath.app.dSYM/Contents/
myMath.app.dSYM/Contents/Resources/
myMath.app.dSYM/Contents/Resources/DWARF/
2018-09-13 07:28:42 +0000  
sent 236 bytes  received 62 bytes  596.00 bytes/sec
total size is 171.70K  speedup is 590.00
2018-09-13 07:28:42 +0000  2018-09-13 07:28:42 +0000  

2018-09-13 07:28:42 +0000  /usr/bin/rsync exited with 02018-09-13 07:28:42 +0000  

2018-09-13 07:28:42 +0000  
2018-09-13 07:28:42 +0000  Running /Applications/Xcode.app/Contents/Developer/usr/bin/symbols '-noTextInSOD' '-noDaemon' '-arch' 'all' '-symbolsPackageDir' '/var/folders/9z/cswx_nyx2p5bzx0whf_h4w5w0000gn/T/XcodeDistPipeline.asY/Symbols' '/var/folders/9z/cswx_nyx2p5bzx0whf_h4w5w0000gn/T/XcodeDistPipeline.asY/libswiftDispatch.dylib'
2018-09-13 07:28:42 +0000  /var/folders/9z/cswx_nyx2p5bzx0whf_h4w5w0000gn/T/XcodeDistPipeline.asY/libswiftDispatch.dylib [armv7, 0.032031 seconds]:
/var/folders/9z/cswx_nyx2p5bzx0whf_h4w5w0000gn/T/XcodeDistPipeline.asY/libswiftDispatch.dylib [armv7s, 0.032031 seconds]:
/var/folders/9z/cswx_nyx2p5bzx0whf_h4w5w0000gn/T/XcodeDistPipeline.asY/libswiftDispatch.dylib [arm64, 0.032031 seconds]:
2018-09-13 07:28:42 +0000  2018-09-13 07:28:42 +0000  

2018-09-13 07:28:42 +0000  /Applications/Xcode.app/Contents/Developer/usr/bin/symbols exited with 0
2018-09-13 07:28:42 +0000  
2018-09-13 07:28:42 +0000  Processing symbols for libswiftFoundation.dylib
2018-09-13 07:28:42 +0000  Running /usr/bin/rsync '-8aPhhE' '/var/folders/9z/cswx_nyx2p5bzx0whf_h4w5w0000gn/T/XcodeDistPipeline.asY/Root/Payload/myMath.app/Frameworks/libswiftFoundation.dylib' '--link-dest' '/var/folders/9z/cswx_nyx2p5bzx0whf_h4w5w0000gn/T/XcodeDistPipeline.asY/Root/Payload/myMath.app/Frameworks' '/var/folders/9z/cswx_nyx2p5bzx0whf_h4w5w0000gn/T/XcodeDistPipeline.asY'
2018-09-13 07:28:42 +0000  building file list ... 
2018-09-13 07:28:42 +0000   0 files...2018-09-13 07:28:42 +0000  1 file to consider
2018-09-13 07:28:42 +0000  
sent 102 bytes  received 20 bytes  244.00 bytes/sec
total size is 28.81M  speedup is 247598.56
2018-09-13 07:28:42 +0000  2018-09-13 07:28:42 +0000  

2018-09-13 07:28:42 +0000  /usr/bin/rsync exited with 0
2018-09-13 07:28:42 +0000  2018-09-13 07:28:42 +0000  

2018-09-13 07:28:42 +0000  Running /usr/bin/rsync '-8aPhhE' '/Users/johnnysheng/Library/Developer/Xcode/Archives/2018-09-13/myMath 2018-9-13 下午3.27.xcarchive/dSYMs/' '--link-dest' '/Users/johnnysheng/Library/Developer/Xcode/Archives/2018-09-13/myMath 2018-9-13 下午3.27.xcarchive/dSYMs/' '/var/folders/9z/cswx_nyx2p5bzx0whf_h4w5w0000gn/T/XcodeDistPipeline.asY'
2018-09-13 07:28:42 +0000  building file list ... 
2018-09-13 07:28:42 +0000   0 files...2018-09-13 07:28:42 +0000  7 files to consider
2018-09-13 07:28:42 +0000  ./
2018-09-13 07:28:42 +0000  myMath.app.dSYM/
myMath.app.dSYM/Contents/
myMath.app.dSYM/Contents/Resources/
myMath.app.dSYM/Contents/Resources/DWARF/
2018-09-13 07:28:42 +0000  
2018-09-13 07:28:42 +0000  sent 236 bytes  received 62 bytes  596.00 bytes/sec
total size is 171.70K  speedup is 590.00
2018-09-13 07:28:42 +0000  
2018-09-13 07:28:42 +0000  
2018-09-13 07:28:42 +0000  /usr/bin/rsync exited with 02018-09-13 07:28:42 +0000  
2018-09-13 07:28:42 +0000  

2018-09-13 07:28:42 +0000  Running /Applications/Xcode.app/Contents/Developer/usr/bin/symbols '-noTextInSOD' '-noDaemon' '-arch' 'all' '-symbolsPackageDir' '/var/folders/9z/cswx_nyx2p5bzx0whf_h4w5w0000gn/T/XcodeDistPipeline.asY/Symbols' '/var/folders/9z/cswx_nyx2p5bzx0whf_h4w5w0000gn/T/XcodeDistPipeline.asY/libswiftFoundation.dylib'
2018-09-13 07:28:42 +0000  /var/folders/9z/cswx_nyx2p5bzx0whf_h4w5w0000gn/T/XcodeDistPipeline.asY/libswiftFoundation.dylib [armv7, 0.191296 seconds]:
/var/folders/9z/cswx_nyx2p5bzx0whf_h4w5w0000gn/T/XcodeDistPipeline.asY/libswiftFoundation.dylib [armv7s, 0.191296 seconds]:
/var/folders/9z/cswx_nyx2p5bzx0whf_h4w5w0000gn/T/XcodeDistPipeline.asY/libswiftFoundation.dylib [arm64, 0.191296 seconds]:
2018-09-13 07:28:42 +0000  
2018-09-13 07:28:42 +0000  2018-09-13 07:28:42 +0000  /Applications/Xcode.app/Contents/Developer/usr/bin/symbols exited with 0
2018-09-13 07:28:42 +0000  

2018-09-13 07:28:42 +0000  
2018-09-13 07:28:42 +0000  Processing symbols for libswiftMetal.dylib
2018-09-13 07:28:42 +0000  Running /usr/bin/rsync '-8aPhhE' '/var/folders/9z/cswx_nyx2p5bzx0whf_h4w5w0000gn/T/XcodeDistPipeline.asY/Root/Payload/myMath.app/Frameworks/libswiftMetal.dylib' '--link-dest' '/var/folders/9z/cswx_nyx2p5bzx0whf_h4w5w0000gn/T/XcodeDistPipeline.asY/Root/Payload/myMath.app/Frameworks' '/var/folders/9z/cswx_nyx2p5bzx0whf_h4w5w0000gn/T/XcodeDistPipeline.asY'
2018-09-13 07:28:42 +0000  building file list ... 
2018-09-13 07:28:42 +0000   0 files...2018-09-13 07:28:42 +0000  1 file to consider
2018-09-13 07:28:42 +0000  
sent 97 bytes  received 20 bytes  234.00 bytes/sec
total size is 447.17K  speedup is 3913.71
2018-09-13 07:28:42 +0000  2018-09-13 07:28:42 +0000  

2018-09-13 07:28:42 +0000  /usr/bin/rsync exited with 02018-09-13 07:28:42 +0000  2018-09-13 07:28:42 +0000  


2018-09-13 07:28:42 +0000  Running /usr/bin/rsync '-8aPhhE' '/Users/johnnysheng/Library/Developer/Xcode/Archives/2018-09-13/myMath 2018-9-13 下午3.27.xcarchive/dSYMs/' '--link-dest' '/Users/johnnysheng/Library/Developer/Xcode/Archives/2018-09-13/myMath 2018-9-13 下午3.27.xcarchive/dSYMs/' '/var/folders/9z/cswx_nyx2p5bzx0whf_h4w5w0000gn/T/XcodeDistPipeline.asY'
2018-09-13 07:28:42 +0000  building file list ... 
2018-09-13 07:28:42 +0000   0 files...2018-09-13 07:28:42 +0000  7 files to consider
2018-09-13 07:28:42 +0000  ./
2018-09-13 07:28:42 +0000  myMath.app.dSYM/
myMath.app.dSYM/Contents/
myMath.app.dSYM/Contents/Resources/
myMath.app.dSYM/Contents/Resources/DWARF/
2018-09-13 07:28:42 +0000  
sent 236 bytes  received 62 bytes  596.00 bytes/sec
2018-09-13 07:28:42 +0000  total size is 171.70K  speedup is 590.00
2018-09-13 07:28:42 +0000  
2018-09-13 07:28:42 +0000  2018-09-13 07:28:42 +0000  /usr/bin/rsync exited with 0

2018-09-13 07:28:42 +0000  
2018-09-13 07:28:42 +0000  Running /Applications/Xcode.app/Contents/Developer/usr/bin/symbols '-noTextInSOD' '-noDaemon' '-arch' 'all' '-symbolsPackageDir' '/var/folders/9z/cswx_nyx2p5bzx0whf_h4w5w0000gn/T/XcodeDistPipeline.asY/Symbols' '/var/folders/9z/cswx_nyx2p5bzx0whf_h4w5w0000gn/T/XcodeDistPipeline.asY/libswiftMetal.dylib'
2018-09-13 07:28:42 +0000  /var/folders/9z/cswx_nyx2p5bzx0whf_h4w5w0000gn/T/XcodeDistPipeline.asY/libswiftMetal.dylib [armv7, 0.004425 seconds]:
/var/folders/9z/cswx_nyx2p5bzx0whf_h4w5w0000gn/T/XcodeDistPipeline.asY/libswiftMetal.dylib [armv7s, 0.004425 seconds]:
/var/folders/9z/cswx_nyx2p5bzx0whf_h4w5w0000gn/T/XcodeDistPipeline.asY/libswiftMetal.dylib [arm64, 0.004425 seconds]:
2018-09-13 07:28:42 +0000  2018-09-13 07:28:42 +0000  

2018-09-13 07:28:42 +0000  /Applications/Xcode.app/Contents/Developer/usr/bin/symbols exited with 02018-09-13 07:28:42 +0000  

2018-09-13 07:28:42 +0000  
2018-09-13 07:28:42 +0000  Processing symbols for libswiftObjectiveC.dylib
2018-09-13 07:28:42 +0000  Running /usr/bin/rsync '-8aPhhE' '/var/folders/9z/cswx_nyx2p5bzx0whf_h4w5w0000gn/T/XcodeDistPipeline.asY/Root/Payload/myMath.app/Frameworks/libswiftObjectiveC.dylib' '--link-dest' '/var/folders/9z/cswx_nyx2p5bzx0whf_h4w5w0000gn/T/XcodeDistPipeline.asY/Root/Payload/myMath.app/Frameworks' '/var/folders/9z/cswx_nyx2p5bzx0whf_h4w5w0000gn/T/XcodeDistPipeline.asY'
2018-09-13 07:28:42 +0000  building file list ... 
2018-09-13 07:28:42 +0000   0 files...2018-09-13 07:28:43 +0000  1 file to consider
2018-09-13 07:28:43 +0000  
sent 102 bytes  received 20 bytes  81.33 bytes/sec
total size is 581.91K  speedup is 4884.20
2018-09-13 07:28:43 +0000  2018-09-13 07:28:43 +0000  

2018-09-13 07:28:43 +0000  /usr/bin/rsync exited with 02018-09-13 07:28:43 +0000  2018-09-13 07:28:43 +0000  


2018-09-13 07:28:43 +0000  Running /usr/bin/rsync '-8aPhhE' '/Users/johnnysheng/Library/Developer/Xcode/Archives/2018-09-13/myMath 2018-9-13 下午3.27.xcarchive/dSYMs/' '--link-dest' '/Users/johnnysheng/Library/Developer/Xcode/Archives/2018-09-13/myMath 2018-9-13 下午3.27.xcarchive/dSYMs/' '/var/folders/9z/cswx_nyx2p5bzx0whf_h4w5w0000gn/T/XcodeDistPipeline.asY'
2018-09-13 07:28:43 +0000  building file list ... 
2018-09-13 07:28:43 +0000   0 files...2018-09-13 07:28:43 +0000  7 files to consider
2018-09-13 07:28:43 +0000  ./
2018-09-13 07:28:43 +0000  myMath.app.dSYM/
myMath.app.dSYM/Contents/
myMath.app.dSYM/Contents/Resources/
myMath.app.dSYM/Contents/Resources/DWARF/
2018-09-13 07:28:43 +0000  
2018-09-13 07:28:43 +0000  sent 236 bytes  received 62 bytes  596.00 bytes/sec
total size is 171.70K  speedup is 590.00
2018-09-13 07:28:43 +0000  
2018-09-13 07:28:43 +0000  2018-09-13 07:28:43 +0000  /usr/bin/rsync exited with 0

2018-09-13 07:28:43 +0000  
2018-09-13 07:28:43 +0000  Running /Applications/Xcode.app/Contents/Developer/usr/bin/symbols '-noTextInSOD' '-noDaemon' '-arch' 'all' '-symbolsPackageDir' '/var/folders/9z/cswx_nyx2p5bzx0whf_h4w5w0000gn/T/XcodeDistPipeline.asY/Symbols' '/var/folders/9z/cswx_nyx2p5bzx0whf_h4w5w0000gn/T/XcodeDistPipeline.asY/libswiftObjectiveC.dylib'
2018-09-13 07:28:43 +0000  /var/folders/9z/cswx_nyx2p5bzx0whf_h4w5w0000gn/T/XcodeDistPipeline.asY/libswiftObjectiveC.dylib [armv7, 0.007859 seconds]:
/var/folders/9z/cswx_nyx2p5bzx0whf_h4w5w0000gn/T/XcodeDistPipeline.asY/libswiftObjectiveC.dylib [armv7s, 0.007859 seconds]:
/var/folders/9z/cswx_nyx2p5bzx0whf_h4w5w0000gn/T/XcodeDistPipeline.asY/libswiftObjectiveC.dylib [arm64, 0.007859 seconds]:
2018-09-13 07:28:43 +0000  2018-09-13 07:28:43 +0000  
2018-09-13 07:28:43 +0000  /Applications/Xcode.app/Contents/Developer/usr/bin/symbols exited with 0

2018-09-13 07:28:43 +0000  2018-09-13 07:28:43 +0000  

2018-09-13 07:28:43 +0000  Processing symbols for libswiftQuartzCore.dylib
2018-09-13 07:28:43 +0000  Running /usr/bin/rsync '-8aPhhE' '/var/folders/9z/cswx_nyx2p5bzx0whf_h4w5w0000gn/T/XcodeDistPipeline.asY/Root/Payload/myMath.app/Frameworks/libswiftQuartzCore.dylib' '--link-dest' '/var/folders/9z/cswx_nyx2p5bzx0whf_h4w5w0000gn/T/XcodeDistPipeline.asY/Root/Payload/myMath.app/Frameworks' '/var/folders/9z/cswx_nyx2p5bzx0whf_h4w5w0000gn/T/XcodeDistPipeline.asY'
2018-09-13 07:28:43 +0000  building file list ... 
2018-09-13 07:28:43 +0000   0 files...2018-09-13 07:28:43 +0000  1 file to consider
2018-09-13 07:28:43 +0000  
2018-09-13 07:28:43 +0000  sent 102 bytes  received 20 bytes  244.00 bytes/sec
total size is 344.14K  speedup is 2888.52
2018-09-13 07:28:43 +0000  
2018-09-13 07:28:43 +0000  2018-09-13 07:28:43 +0000  /usr/bin/rsync exited with 0
2018-09-13 07:28:43 +0000  

2018-09-13 07:28:43 +0000  2018-09-13 07:28:43 +0000  Running /usr/bin/rsync '-8aPhhE' '/Users/johnnysheng/Library/Developer/Xcode/Archives/2018-09-13/myMath 2018-9-13 下午3.27.xcarchive/dSYMs/' '--link-dest' '/Users/johnnysheng/Library/Developer/Xcode/Archives/2018-09-13/myMath 2018-9-13 下午3.27.xcarchive/dSYMs/' '/var/folders/9z/cswx_nyx2p5bzx0whf_h4w5w0000gn/T/XcodeDistPipeline.asY'

2018-09-13 07:28:43 +0000  building file list ... 
2018-09-13 07:28:43 +0000   0 files...2018-09-13 07:28:43 +0000  7 files to consider
2018-09-13 07:28:43 +0000  ./
2018-09-13 07:28:43 +0000  myMath.app.dSYM/
myMath.app.dSYM/Contents/
myMath.app.dSYM/Contents/Resources/
myMath.app.dSYM/Contents/Resources/DWARF/
2018-09-13 07:28:43 +0000  
sent 236 bytes  received 62 bytes  596.00 bytes/sec
2018-09-13 07:28:43 +0000  total size is 171.70K  speedup is 590.00
2018-09-13 07:28:43 +0000  2018-09-13 07:28:43 +0000  

2018-09-13 07:28:43 +0000  /usr/bin/rsync exited with 0
2018-09-13 07:28:43 +0000  2018-09-13 07:28:43 +0000  

2018-09-13 07:28:43 +0000  Running /Applications/Xcode.app/Contents/Developer/usr/bin/symbols '-noTextInSOD' '-noDaemon' '-arch' 'all' '-symbolsPackageDir' '/var/folders/9z/cswx_nyx2p5bzx0whf_h4w5w0000gn/T/XcodeDistPipeline.asY/Symbols' '/var/folders/9z/cswx_nyx2p5bzx0whf_h4w5w0000gn/T/XcodeDistPipeline.asY/libswiftQuartzCore.dylib'
2018-09-13 07:28:43 +0000  /var/folders/9z/cswx_nyx2p5bzx0whf_h4w5w0000gn/T/XcodeDistPipeline.asY/libswiftQuartzCore.dylib [armv7, 0.002382 seconds]:
/var/folders/9z/cswx_nyx2p5bzx0whf_h4w5w0000gn/T/XcodeDistPipeline.asY/libswiftQuartzCore.dylib [armv7s, 0.002382 seconds]:
/var/folders/9z/cswx_nyx2p5bzx0whf_h4w5w0000gn/T/XcodeDistPipeline.asY/libswiftQuartzCore.dylib [arm64, 0.002382 seconds]:
2018-09-13 07:28:43 +0000  2018-09-13 07:28:43 +0000  

2018-09-13 07:28:43 +0000  
2018-09-13 07:28:43 +0000  /Applications/Xcode.app/Contents/Developer/usr/bin/symbols exited with 02018-09-13 07:28:43 +0000  
2018-09-13 07:28:43 +0000  

2018-09-13 07:28:43 +0000  Processing symbols for libswiftUIKit.dylib
2018-09-13 07:28:43 +0000  Running /usr/bin/rsync '-8aPhhE' '/var/folders/9z/cswx_nyx2p5bzx0whf_h4w5w0000gn/T/XcodeDistPipeline.asY/Root/Payload/myMath.app/Frameworks/libswiftUIKit.dylib' '--link-dest' '/var/folders/9z/cswx_nyx2p5bzx0whf_h4w5w0000gn/T/XcodeDistPipeline.asY/Root/Payload/myMath.app/Frameworks' '/var/folders/9z/cswx_nyx2p5bzx0whf_h4w5w0000gn/T/XcodeDistPipeline.asY'
2018-09-13 07:28:43 +0000  building file list ... 
2018-09-13 07:28:43 +0000   0 files...2018-09-13 07:28:43 +0000  1 file to consider
2018-09-13 07:28:43 +0000  
2018-09-13 07:28:43 +0000  sent 97 bytes  received 20 bytes  234.00 bytes/sec
total size is 1.03M  speedup is 9271.79
2018-09-13 07:28:43 +0000  2018-09-13 07:28:43 +0000  

2018-09-13 07:28:43 +0000  /usr/bin/rsync exited with 0
2018-09-13 07:28:43 +0000  2018-09-13 07:28:43 +0000  

2018-09-13 07:28:43 +0000  Running /usr/bin/rsync '-8aPhhE' '/Users/johnnysheng/Library/Developer/Xcode/Archives/2018-09-13/myMath 2018-9-13 下午3.27.xcarchive/dSYMs/' '--link-dest' '/Users/johnnysheng/Library/Developer/Xcode/Archives/2018-09-13/myMath 2018-9-13 下午3.27.xcarchive/dSYMs/' '/var/folders/9z/cswx_nyx2p5bzx0whf_h4w5w0000gn/T/XcodeDistPipeline.asY'
2018-09-13 07:28:43 +0000  building file list ... 
2018-09-13 07:28:43 +0000   0 files...2018-09-13 07:28:43 +0000  7 files to consider
2018-09-13 07:28:43 +0000  ./
2018-09-13 07:28:43 +0000  myMath.app.dSYM/
myMath.app.dSYM/Contents/
myMath.app.dSYM/Contents/Resources/
myMath.app.dSYM/Contents/Resources/DWARF/
2018-09-13 07:28:43 +0000  
sent 236 bytes  received 62 bytes  596.00 bytes/sec
2018-09-13 07:28:43 +0000  total size is 171.70K  speedup is 590.00
2018-09-13 07:28:43 +0000  2018-09-13 07:28:43 +0000  

2018-09-13 07:28:43 +0000  /usr/bin/rsync exited with 02018-09-13 07:28:43 +0000  

2018-09-13 07:28:43 +0000  
2018-09-13 07:28:43 +0000  Running /Applications/Xcode.app/Contents/Developer/usr/bin/symbols '-noTextInSOD' '-noDaemon' '-arch' 'all' '-symbolsPackageDir' '/var/folders/9z/cswx_nyx2p5bzx0whf_h4w5w0000gn/T/XcodeDistPipeline.asY/Symbols' '/var/folders/9z/cswx_nyx2p5bzx0whf_h4w5w0000gn/T/XcodeDistPipeline.asY/libswiftUIKit.dylib'
2018-09-13 07:28:43 +0000  /var/folders/9z/cswx_nyx2p5bzx0whf_h4w5w0000gn/T/XcodeDistPipeline.asY/libswiftUIKit.dylib [armv7, 0.010485 seconds]:
/var/folders/9z/cswx_nyx2p5bzx0whf_h4w5w0000gn/T/XcodeDistPipeline.asY/libswiftUIKit.dylib [armv7s, 0.010485 seconds]:
/var/folders/9z/cswx_nyx2p5bzx0whf_h4w5w0000gn/T/XcodeDistPipeline.asY/libswiftUIKit.dylib [arm64, 0.010485 seconds]:
2018-09-13 07:28:43 +0000  2018-09-13 07:28:43 +0000  

2018-09-13 07:28:43 +0000  /Applications/Xcode.app/Contents/Developer/usr/bin/symbols exited with 0
2018-09-13 07:28:43 +0000  2018-09-13 07:28:43 +0000  

2018-09-13 07:28:43 +0000  Processing symbols for libswiftos.dylib
2018-09-13 07:28:43 +0000  Running /usr/bin/rsync '-8aPhhE' '/var/folders/9z/cswx_nyx2p5bzx0whf_h4w5w0000gn/T/XcodeDistPipeline.asY/Root/Payload/myMath.app/Frameworks/libswiftos.dylib' '--link-dest' '/var/folders/9z/cswx_nyx2p5bzx0whf_h4w5w0000gn/T/XcodeDistPipeline.asY/Root/Payload/myMath.app/Frameworks' '/var/folders/9z/cswx_nyx2p5bzx0whf_h4w5w0000gn/T/XcodeDistPipeline.asY'
2018-09-13 07:28:43 +0000  building file list ... 
2018-09-13 07:28:43 +0000   0 files...2018-09-13 07:28:43 +0000  1 file to consider
2018-09-13 07:28:43 +0000  
2018-09-13 07:28:43 +0000  sent 94 bytes  received 20 bytes  228.00 bytes/sec
total size is 494.30K  speedup is 4440.00
2018-09-13 07:28:43 +0000  
2018-09-13 07:28:43 +0000  2018-09-13 07:28:43 +0000  /usr/bin/rsync exited with 02018-09-13 07:28:43 +0000  


2018-09-13 07:28:43 +0000  Running /usr/bin/rsync '-8aPhhE' '/Users/johnnysheng/Library/Developer/Xcode/Archives/2018-09-13/myMath 2018-9-13 下午3.27.xcarchive/dSYMs/' '--link-dest' '/Users/johnnysheng/Library/Developer/Xcode/Archives/2018-09-13/myMath 2018-9-13 下午3.27.xcarchive/dSYMs/' '/var/folders/9z/cswx_nyx2p5bzx0whf_h4w5w0000gn/T/XcodeDistPipeline.asY'
2018-09-13 07:28:43 +0000  building file list ... 
2018-09-13 07:28:43 +0000   0 files...2018-09-13 07:28:43 +0000  7 files to consider
2018-09-13 07:28:43 +0000  ./
2018-09-13 07:28:43 +0000  myMath.app.dSYM/
myMath.app.dSYM/Contents/
myMath.app.dSYM/Contents/Resources/
myMath.app.dSYM/Contents/Resources/DWARF/
2018-09-13 07:28:43 +0000  
sent 236 bytes  received 62 bytes  596.00 bytes/sec
2018-09-13 07:28:43 +0000  total size is 171.70K  speedup is 590.00
2018-09-13 07:28:43 +0000  
2018-09-13 07:28:43 +0000  2018-09-13 07:28:43 +0000  /usr/bin/rsync exited with 02018-09-13 07:28:43 +0000  


2018-09-13 07:28:43 +0000  Running /Applications/Xcode.app/Contents/Developer/usr/bin/symbols '-noTextInSOD' '-noDaemon' '-arch' 'all' '-symbolsPackageDir' '/var/folders/9z/cswx_nyx2p5bzx0whf_h4w5w0000gn/T/XcodeDistPipeline.asY/Symbols' '/var/folders/9z/cswx_nyx2p5bzx0whf_h4w5w0000gn/T/XcodeDistPipeline.asY/libswiftos.dylib'
2018-09-13 07:28:43 +0000  /var/folders/9z/cswx_nyx2p5bzx0whf_h4w5w0000gn/T/XcodeDistPipeline.asY/libswiftos.dylib [armv7, 0.006325 seconds]:
/var/folders/9z/cswx_nyx2p5bzx0whf_h4w5w0000gn/T/XcodeDistPipeline.asY/libswiftos.dylib [armv7s, 0.006325 seconds]:
/var/folders/9z/cswx_nyx2p5bzx0whf_h4w5w0000gn/T/XcodeDistPipeline.asY/libswiftos.dylib [arm64, 0.006325 seconds]:
2018-09-13 07:28:43 +0000  2018-09-13 07:28:43 +0000  

2018-09-13 07:28:43 +0000  /Applications/Xcode.app/Contents/Developer/usr/bin/symbols exited with 02018-09-13 07:28:43 +0000  
2018-09-13 07:28:43 +0000  

2018-09-13 07:28:43 +0000  Excluding symbols for myMath.app
2018-09-13 07:28:43 +0000  Processing step: IDEDistributionCopyAppleProvidedContentStep
2018-09-13 07:28:43 +0000  Running /usr/bin/ditto '-V' '/Users/johnnysheng/Library/Developer/Xcode/Archives/2018-09-13/myMath 2018-9-13 下午3.27.xcarchive/SwiftSupport' '/var/folders/9z/cswx_nyx2p5bzx0whf_h4w5w0000gn/T/XcodeDistPipeline.asY/Root/SwiftSupport'
2018-09-13 07:28:43 +0000  >>> Copying /Users/johnnysheng/Library/Developer/Xcode/Archives/2018-09-13/myMath 2018-9-13 下午3.27.xcarchive/SwiftSupport 
2018-09-13 07:28:43 +0000  copying file ./iphoneos/libswiftCoreImage.dylib ... 
2018-09-13 07:28:43 +0000  351635 bytes for ./iphoneos/libswiftCoreImage.dylib
2018-09-13 07:28:43 +0000  copying file ./iphoneos/libswiftObjectiveC.dylib ... 
2018-09-13 07:28:43 +0000  737148 bytes for ./iphoneos/libswiftObjectiveC.dylib
2018-09-13 07:28:43 +0000  copying file ./iphoneos/libswiftCore.dylib ... 
2018-09-13 07:28:43 +0000  96746864 bytes for ./iphoneos/libswiftCore.dylib
copying file ./iphoneos/libswiftCoreGraphics.dylib ... 
2018-09-13 07:28:43 +0000  2199628 bytes for ./iphoneos/libswiftCoreGraphics.dylib
2018-09-13 07:28:43 +0000  copying file ./iphoneos/libswiftUIKit.dylib ... 
2018-09-13 07:28:43 +0000  1410736 bytes for ./iphoneos/libswiftUIKit.dylib
copying file ./iphoneos/libswiftMetal.dylib ... 
2018-09-13 07:28:43 +0000  558460 bytes for ./iphoneos/libswiftMetal.dylib
copying file ./iphoneos/libswiftDispatch.dylib ... 
2018-09-13 07:28:43 +0000  3698083 bytes for ./iphoneos/libswiftDispatch.dylib
copying file ./iphoneos/libswiftos.dylib ... 
2018-09-13 07:28:43 +0000  656418 bytes for ./iphoneos/libswiftos.dylib
2018-09-13 07:28:43 +0000  copying file ./iphoneos/libswiftCoreFoundation.dylib ... 
2018-09-13 07:28:43 +0000  288241 bytes for ./iphoneos/libswiftCoreFoundation.dylib
2018-09-13 07:28:43 +0000  copying file ./iphoneos/libswiftDarwin.dylib ... 
2018-09-13 07:28:43 +0000  1091343 bytes for ./iphoneos/libswiftDarwin.dylib
copying file ./iphoneos/libswiftQuartzCore.dylib ... 
2018-09-13 07:28:43 +0000  369807 bytes for ./iphoneos/libswiftQuartzCore.dylib
2018-09-13 07:28:43 +0000  copying file ./iphoneos/libswiftFoundation.dylib ... 
2018-09-13 07:28:43 +0000  43134853 bytes for ./iphoneos/libswiftFoundation.dylib
2018-09-13 07:28:43 +0000  2018-09-13 07:28:43 +0000  

2018-09-13 07:28:43 +0000  /usr/bin/ditto exited with 0
2018-09-13 07:28:43 +0000  
2018-09-13 07:28:43 +0000  Processing step: IDEDistributionAppThinningStep
2018-09-13 07:28:43 +0000  Skipping step: IDEDistributionAppThinningStep because it said so
2018-09-13 07:28:43 +0000  Processing step: IDEDistributionODRStep
2018-09-13 07:28:43 +0000  Processing step: IDEDistributionStripXattrsStep
2018-09-13 07:28:43 +0000  Skipping stripping extended attributes of item: <IDEDistributionItem: 0x7fbbc983b600 'com.apple.dt.runtime.swiftCore' '<DVTFilePath:0x7fbbc00e1900:'/Users/johnnysheng/Library/Developer/Xcode/Archives/2018-09-13/myMath 2018-9-13 下午3.27.xcarchive/Products/Applications/myMath.app/Frameworks/libswiftCore.dylib'>'>
2018-09-13 07:28:43 +0000  Skipping stripping extended attributes of item: <IDEDistributionItem: 0x7fbbbe772d10 'com.apple.dt.runtime.swiftCoreFoundation' '<DVTFilePath:0x7fbbc0158c20:'/Users/johnnysheng/Library/Developer/Xcode/Archives/2018-09-13/myMath 2018-9-13 下午3.27.xcarchive/Products/Applications/myMath.app/Frameworks/libswiftCoreFoundation.dylib'>'>
2018-09-13 07:28:43 +0000  Skipping stripping extended attributes of item: <IDEDistributionItem: 0x7fbbbfead5d0 'com.apple.dt.runtime.swiftCoreGraphics' '<DVTFilePath:0x7fbbbfb99e10:'/Users/johnnysheng/Library/Developer/Xcode/Archives/2018-09-13/myMath 2018-9-13 下午3.27.xcarchive/Products/Applications/myMath.app/Frameworks/libswiftCoreGraphics.dylib'>'>
2018-09-13 07:28:43 +0000  Skipping stripping extended attributes of item: <IDEDistributionItem: 0x7fbbc015fe90 'com.apple.dt.runtime.swiftCoreImage' '<DVTFilePath:0x7fbbcd0d2cc0:'/Users/johnnysheng/Library/Developer/Xcode/Archives/2018-09-13/myMath 2018-9-13 下午3.27.xcarchive/Products/Applications/myMath.app/Frameworks/libswiftCoreImage.dylib'>'>
2018-09-13 07:28:43 +0000  Skipping stripping extended attributes of item: <IDEDistributionItem: 0x7fbbbfefa3c0 'com.apple.dt.runtime.swiftDarwin' '<DVTFilePath:0x7fbbc0159020:'/Users/johnnysheng/Library/Developer/Xcode/Archives/2018-09-13/myMath 2018-9-13 下午3.27.xcarchive/Products/Applications/myMath.app/Frameworks/libswiftDarwin.dylib'>'>
2018-09-13 07:28:43 +0000  Skipping stripping extended attributes of item: <IDEDistributionItem: 0x7fbbbfad5790 'com.apple.dt.runtime.swiftDispatch' '<DVTFilePath:0x7fbbc01cd7a0:'/Users/johnnysheng/Library/Developer/Xcode/Archives/2018-09-13/myMath 2018-9-13 下午3.27.xcarchive/Products/Applications/myMath.app/Frameworks/libswiftDispatch.dylib'>'>
2018-09-13 07:28:43 +0000  Skipping stripping extended attributes of item: <IDEDistributionItem: 0x7fbbc01386f0 'com.apple.dt.runtime.swiftFoundation' '<DVTFilePath:0x7fbbc08f14e0:'/Users/johnnysheng/Library/Developer/Xcode/Archives/2018-09-13/myMath 2018-9-13 下午3.27.xcarchive/Products/Applications/myMath.app/Frameworks/libswiftFoundation.dylib'>'>
2018-09-13 07:28:43 +0000  Skipping stripping extended attributes of item: <IDEDistributionItem: 0x7fbbbfc9aba0 'com.apple.dt.runtime.swiftMetal' '<DVTFilePath:0x7fbbc010cb80:'/Users/johnnysheng/Library/Developer/Xcode/Archives/2018-09-13/myMath 2018-9-13 下午3.27.xcarchive/Products/Applications/myMath.app/Frameworks/libswiftMetal.dylib'>'>
2018-09-13 07:28:43 +0000  Skipping stripping extended attributes of item: <IDEDistributionItem: 0x7fbbc0555b60 'com.apple.dt.runtime.swiftObjectiveC' '<DVTFilePath:0x7fbbbe53f690:'/Users/johnnysheng/Library/Developer/Xcode/Archives/2018-09-13/myMath 2018-9-13 下午3.27.xcarchive/Products/Applications/myMath.app/Frameworks/libswiftObjectiveC.dylib'>'>
2018-09-13 07:28:43 +0000  Skipping stripping extended attributes of item: <IDEDistributionItem: 0x7fbbbfc28ca0 'com.apple.dt.runtime.swiftQuartzCore' '<DVTFilePath:0x7fbbc013e890:'/Users/johnnysheng/Library/Developer/Xcode/Archives/2018-09-13/myMath 2018-9-13 下午3.27.xcarchive/Products/Applications/myMath.app/Frameworks/libswiftQuartzCore.dylib'>'>
2018-09-13 07:28:43 +0000  Skipping stripping extended attributes of item: <IDEDistributionItem: 0x7fbbc016f280 'com.apple.dt.runtime.swiftUIKit' '<DVTFilePath:0x7fbbbee87470:'/Users/johnnysheng/Library/Developer/Xcode/Archives/2018-09-13/myMath 2018-9-13 下午3.27.xcarchive/Products/Applications/myMath.app/Frameworks/libswiftUIKit.dylib'>'>
2018-09-13 07:28:43 +0000  Skipping stripping extended attributes of item: <IDEDistributionItem: 0x7fbbbe328210 'com.apple.dt.runtime.swiftos' '<DVTFilePath:0x7fbbc00112a0:'/Users/johnnysheng/Library/Developer/Xcode/Archives/2018-09-13/myMath 2018-9-13 下午3.27.xcarchive/Products/Applications/myMath.app/Frameworks/libswiftos.dylib'>'>
2018-09-13 07:28:43 +0000  Running /usr/bin/xattr '-crs' '/var/folders/9z/cswx_nyx2p5bzx0whf_h4w5w0000gn/T/XcodeDistPipeline.asY/Root/Payload/myMath.app'
2018-09-13 07:28:44 +0000  2018-09-13 07:28:44 +0000  

2018-09-13 07:28:44 +0000  /usr/bin/xattr exited with 0
2018-09-13 07:28:44 +0000  
2018-09-13 07:28:44 +0000  Processing step: IDEDistributionCodesignStep
2018-09-13 07:28:44 +0000  Entitlements for <IDEDistributionItem: 0x7fbbc983b600 'com.apple.dt.runtime.swiftCore' '<DVTFilePath:0x7fbbc00e1900:'/Users/johnnysheng/Library/Developer/Xcode/Archives/2018-09-13/myMath 2018-9-13 下午3.27.xcarchive/Products/Applications/myMath.app/Frameworks/libswiftCore.dylib'>'>: {
}
2018-09-13 07:28:44 +0000  Writing entitlements for <IDEDistributionItem: 0x7fbbc983b600 'com.apple.dt.runtime.swiftCore' '<DVTFilePath:0x7fbbc00e1900:'/Users/johnnysheng/Library/Developer/Xcode/Archives/2018-09-13/myMath 2018-9-13 下午3.27.xcarchive/Products/Applications/myMath.app/Frameworks/libswiftCore.dylib'>'> to: /var/folders/9z/cswx_nyx2p5bzx0whf_h4w5w0000gn/T/XcodeDistPipeline.asY/entitlementsMQfhLb
2018-09-13 07:28:44 +0000  Running /usr/bin/codesign '-vvv' '--force' '--sign' 'E47FEF0686B536C8239E0D6A2F36B9BFB4766963' '--preserve-metadata=identifier,flags' '--entitlements' '/var/folders/9z/cswx_nyx2p5bzx0whf_h4w5w0000gn/T/XcodeDistPipeline.asY/entitlementsMQfhLb' '/var/folders/9z/cswx_nyx2p5bzx0whf_h4w5w0000gn/T/XcodeDistPipeline.asY/Root/Payload/myMath.app/Frameworks/libswiftCore.dylib'
2018-09-13 07:28:44 +0000  /var/folders/9z/cswx_nyx2p5bzx0whf_h4w5w0000gn/T/XcodeDistPipeline.asY/Root/Payload/myMath.app/Frameworks/libswiftCore.dylib: replacing existing signature
2018-09-13 07:28:45 +0000  /var/folders/9z/cswx_nyx2p5bzx0whf_h4w5w0000gn/T/XcodeDistPipeline.asY/Root/Payload/myMath.app/Frameworks/libswiftCore.dylib: signed Mach-O universal (armv7 armv7s arm64) [com.apple.dt.runtime.swiftCore]
2018-09-13 07:28:45 +0000  2018-09-13 07:28:45 +0000  

2018-09-13 07:28:45 +0000  /usr/bin/codesign exited with 0
2018-09-13 07:28:45 +0000  2018-09-13 07:28:45 +0000  

2018-09-13 07:28:45 +0000  Entitlements for <IDEDistributionItem: 0x7fbbbe772d10 'com.apple.dt.runtime.swiftCoreFoundation' '<DVTFilePath:0x7fbbc0158c20:'/Users/johnnysheng/Library/Developer/Xcode/Archives/2018-09-13/myMath 2018-9-13 下午3.27.xcarchive/Products/Applications/myMath.app/Frameworks/libswiftCoreFoundation.dylib'>'>: {
}
2018-09-13 07:28:45 +0000  Writing entitlements for <IDEDistributionItem: 0x7fbbbe772d10 'com.apple.dt.runtime.swiftCoreFoundation' '<DVTFilePath:0x7fbbc0158c20:'/Users/johnnysheng/Library/Developer/Xcode/Archives/2018-09-13/myMath 2018-9-13 下午3.27.xcarchive/Products/Applications/myMath.app/Frameworks/libswiftCoreFoundation.dylib'>'> to: /var/folders/9z/cswx_nyx2p5bzx0whf_h4w5w0000gn/T/XcodeDistPipeline.asY/entitlementsT4eLTH
2018-09-13 07:28:45 +0000  Running /usr/bin/codesign '-vvv' '--force' '--sign' 'E47FEF0686B536C8239E0D6A2F36B9BFB4766963' '--preserve-metadata=identifier,flags' '--entitlements' '/var/folders/9z/cswx_nyx2p5bzx0whf_h4w5w0000gn/T/XcodeDistPipeline.asY/entitlementsT4eLTH' '/var/folders/9z/cswx_nyx2p5bzx0whf_h4w5w0000gn/T/XcodeDistPipeline.asY/Root/Payload/myMath.app/Frameworks/libswiftCoreFoundation.dylib'
2018-09-13 07:28:45 +0000  /var/folders/9z/cswx_nyx2p5bzx0whf_h4w5w0000gn/T/XcodeDistPipeline.asY/Root/Payload/myMath.app/Frameworks/libswiftCoreFoundation.dylib: replacing existing signature
2018-09-13 07:28:45 +0000  /var/folders/9z/cswx_nyx2p5bzx0whf_h4w5w0000gn/T/XcodeDistPipeline.asY/Root/Payload/myMath.app/Frameworks/libswiftCoreFoundation.dylib: signed Mach-O universal (armv7 armv7s arm64) [com.apple.dt.runtime.swiftCoreFoundation]
2018-09-13 07:28:45 +0000  2018-09-13 07:28:45 +0000  

2018-09-13 07:28:45 +0000  /usr/bin/codesign exited with 0
2018-09-13 07:28:45 +0000  2018-09-13 07:28:45 +0000  

2018-09-13 07:28:45 +0000  Entitlements for <IDEDistributionItem: 0x7fbbbfead5d0 'com.apple.dt.runtime.swiftCoreGraphics' '<DVTFilePath:0x7fbbbfb99e10:'/Users/johnnysheng/Library/Developer/Xcode/Archives/2018-09-13/myMath 2018-9-13 下午3.27.xcarchive/Products/Applications/myMath.app/Frameworks/libswiftCoreGraphics.dylib'>'>: {
}
2018-09-13 07:28:45 +0000  Writing entitlements for <IDEDistributionItem: 0x7fbbbfead5d0 'com.apple.dt.runtime.swiftCoreGraphics' '<DVTFilePath:0x7fbbbfb99e10:'/Users/johnnysheng/Library/Developer/Xcode/Archives/2018-09-13/myMath 2018-9-13 下午3.27.xcarchive/Products/Applications/myMath.app/Frameworks/libswiftCoreGraphics.dylib'>'> to: /var/folders/9z/cswx_nyx2p5bzx0whf_h4w5w0000gn/T/XcodeDistPipeline.asY/entitlementsW7R386
2018-09-13 07:28:45 +0000  Running /usr/bin/codesign '-vvv' '--force' '--sign' 'E47FEF0686B536C8239E0D6A2F36B9BFB4766963' '--preserve-metadata=identifier,flags' '--entitlements' '/var/folders/9z/cswx_nyx2p5bzx0whf_h4w5w0000gn/T/XcodeDistPipeline.asY/entitlementsW7R386' '/var/folders/9z/cswx_nyx2p5bzx0whf_h4w5w0000gn/T/XcodeDistPipeline.asY/Root/Payload/myMath.app/Frameworks/libswiftCoreGraphics.dylib'
2018-09-13 07:28:46 +0000  /var/folders/9z/cswx_nyx2p5bzx0whf_h4w5w0000gn/T/XcodeDistPipeline.asY/Root/Payload/myMath.app/Frameworks/libswiftCoreGraphics.dylib: replacing existing signature
2018-09-13 07:28:46 +0000  /var/folders/9z/cswx_nyx2p5bzx0whf_h4w5w0000gn/T/XcodeDistPipeline.asY/Root/Payload/myMath.app/Frameworks/libswiftCoreGraphics.dylib: signed Mach-O universal (armv7 armv7s arm64) [com.apple.dt.runtime.swiftCoreGraphics]
2018-09-13 07:28:46 +0000  2018-09-13 07:28:46 +0000  

2018-09-13 07:28:46 +0000  /usr/bin/codesign exited with 02018-09-13 07:28:46 +0000  
2018-09-13 07:28:46 +0000  

2018-09-13 07:28:46 +0000  Entitlements for <IDEDistributionItem: 0x7fbbc015fe90 'com.apple.dt.runtime.swiftCoreImage' '<DVTFilePath:0x7fbbcd0d2cc0:'/Users/johnnysheng/Library/Developer/Xcode/Archives/2018-09-13/myMath 2018-9-13 下午3.27.xcarchive/Products/Applications/myMath.app/Frameworks/libswiftCoreImage.dylib'>'>: {
}
2018-09-13 07:28:46 +0000  Writing entitlements for <IDEDistributionItem: 0x7fbbc015fe90 'com.apple.dt.runtime.swiftCoreImage' '<DVTFilePath:0x7fbbcd0d2cc0:'/Users/johnnysheng/Library/Developer/Xcode/Archives/2018-09-13/myMath 2018-9-13 下午3.27.xcarchive/Products/Applications/myMath.app/Frameworks/libswiftCoreImage.dylib'>'> to: /var/folders/9z/cswx_nyx2p5bzx0whf_h4w5w0000gn/T/XcodeDistPipeline.asY/entitlementslOz7tR
2018-09-13 07:28:46 +0000  Running /usr/bin/codesign '-vvv' '--force' '--sign' 'E47FEF0686B536C8239E0D6A2F36B9BFB4766963' '--preserve-metadata=identifier,flags' '--entitlements' '/var/folders/9z/cswx_nyx2p5bzx0whf_h4w5w0000gn/T/XcodeDistPipeline.asY/entitlementslOz7tR' '/var/folders/9z/cswx_nyx2p5bzx0whf_h4w5w0000gn/T/XcodeDistPipeline.asY/Root/Payload/myMath.app/Frameworks/libswiftCoreImage.dylib'
2018-09-13 07:28:46 +0000  /var/folders/9z/cswx_nyx2p5bzx0whf_h4w5w0000gn/T/XcodeDistPipeline.asY/Root/Payload/myMath.app/Frameworks/libswiftCoreImage.dylib: replacing existing signature
2018-09-13 07:28:46 +0000  /var/folders/9z/cswx_nyx2p5bzx0whf_h4w5w0000gn/T/XcodeDistPipeline.asY/Root/Payload/myMath.app/Frameworks/libswiftCoreImage.dylib: signed Mach-O universal (armv7 armv7s arm64) [com.apple.dt.runtime.swiftCoreImage]
2018-09-13 07:28:46 +0000  
2018-09-13 07:28:46 +0000  2018-09-13 07:28:46 +0000  /usr/bin/codesign exited with 0

2018-09-13 07:28:46 +0000  2018-09-13 07:28:46 +0000  

2018-09-13 07:28:46 +0000  Entitlements for <IDEDistributionItem: 0x7fbbbfefa3c0 'com.apple.dt.runtime.swiftDarwin' '<DVTFilePath:0x7fbbc0159020:'/Users/johnnysheng/Library/Developer/Xcode/Archives/2018-09-13/myMath 2018-9-13 下午3.27.xcarchive/Products/Applications/myMath.app/Frameworks/libswiftDarwin.dylib'>'>: {
}
2018-09-13 07:28:46 +0000  Writing entitlements for <IDEDistributionItem: 0x7fbbbfefa3c0 'com.apple.dt.runtime.swiftDarwin' '<DVTFilePath:0x7fbbc0159020:'/Users/johnnysheng/Library/Developer/Xcode/Archives/2018-09-13/myMath 2018-9-13 下午3.27.xcarchive/Products/Applications/myMath.app/Frameworks/libswiftDarwin.dylib'>'> to: /var/folders/9z/cswx_nyx2p5bzx0whf_h4w5w0000gn/T/XcodeDistPipeline.asY/entitlements9wK7AC
2018-09-13 07:28:46 +0000  Running /usr/bin/codesign '-vvv' '--force' '--sign' 'E47FEF0686B536C8239E0D6A2F36B9BFB4766963' '--preserve-metadata=identifier,flags' '--entitlements' '/var/folders/9z/cswx_nyx2p5bzx0whf_h4w5w0000gn/T/XcodeDistPipeline.asY/entitlements9wK7AC' '/var/folders/9z/cswx_nyx2p5bzx0whf_h4w5w0000gn/T/XcodeDistPipeline.asY/Root/Payload/myMath.app/Frameworks/libswiftDarwin.dylib'
2018-09-13 07:28:46 +0000  /var/folders/9z/cswx_nyx2p5bzx0whf_h4w5w0000gn/T/XcodeDistPipeline.asY/Root/Payload/myMath.app/Frameworks/libswiftDarwin.dylib: replacing existing signature
2018-09-13 07:28:46 +0000  /var/folders/9z/cswx_nyx2p5bzx0whf_h4w5w0000gn/T/XcodeDistPipeline.asY/Root/Payload/myMath.app/Frameworks/libswiftDarwin.dylib: signed Mach-O universal (armv7 armv7s arm64) [com.apple.dt.runtime.swiftDarwin]
2018-09-13 07:28:46 +0000  
2018-09-13 07:28:46 +0000  2018-09-13 07:28:46 +0000  /usr/bin/codesign exited with 0

2018-09-13 07:28:46 +0000  2018-09-13 07:28:46 +0000  

2018-09-13 07:28:46 +0000  Entitlements for <IDEDistributionItem: 0x7fbbbfad5790 'com.apple.dt.runtime.swiftDispatch' '<DVTFilePath:0x7fbbc01cd7a0:'/Users/johnnysheng/Library/Developer/Xcode/Archives/2018-09-13/myMath 2018-9-13 下午3.27.xcarchive/Products/Applications/myMath.app/Frameworks/libswiftDispatch.dylib'>'>: {
}
2018-09-13 07:28:46 +0000  Writing entitlements for <IDEDistributionItem: 0x7fbbbfad5790 'com.apple.dt.runtime.swiftDispatch' '<DVTFilePath:0x7fbbc01cd7a0:'/Users/johnnysheng/Library/Developer/Xcode/Archives/2018-09-13/myMath 2018-9-13 下午3.27.xcarchive/Products/Applications/myMath.app/Frameworks/libswiftDispatch.dylib'>'> to: /var/folders/9z/cswx_nyx2p5bzx0whf_h4w5w0000gn/T/XcodeDistPipeline.asY/entitlementstG9z0V
2018-09-13 07:28:46 +0000  Running /usr/bin/codesign '-vvv' '--force' '--sign' 'E47FEF0686B536C8239E0D6A2F36B9BFB4766963' '--preserve-metadata=identifier,flags' '--entitlements' '/var/folders/9z/cswx_nyx2p5bzx0whf_h4w5w0000gn/T/XcodeDistPipeline.asY/entitlementstG9z0V' '/var/folders/9z/cswx_nyx2p5bzx0whf_h4w5w0000gn/T/XcodeDistPipeline.asY/Root/Payload/myMath.app/Frameworks/libswiftDispatch.dylib'
2018-09-13 07:28:47 +0000  /var/folders/9z/cswx_nyx2p5bzx0whf_h4w5w0000gn/T/XcodeDistPipeline.asY/Root/Payload/myMath.app/Frameworks/libswiftDispatch.dylib: replacing existing signature
2018-09-13 07:28:47 +0000  /var/folders/9z/cswx_nyx2p5bzx0whf_h4w5w0000gn/T/XcodeDistPipeline.asY/Root/Payload/myMath.app/Frameworks/libswiftDispatch.dylib: signed Mach-O universal (armv7 armv7s arm64) [com.apple.dt.runtime.swiftDispatch]
2018-09-13 07:28:47 +0000  
2018-09-13 07:28:47 +0000  2018-09-13 07:28:47 +0000  /usr/bin/codesign exited with 0

2018-09-13 07:28:47 +0000  
2018-09-13 07:28:47 +0000  Entitlements for <IDEDistributionItem: 0x7fbbc01386f0 'com.apple.dt.runtime.swiftFoundation' '<DVTFilePath:0x7fbbc08f14e0:'/Users/johnnysheng/Library/Developer/Xcode/Archives/2018-09-13/myMath 2018-9-13 下午3.27.xcarchive/Products/Applications/myMath.app/Frameworks/libswiftFoundation.dylib'>'>: {
}
2018-09-13 07:28:47 +0000  Writing entitlements for <IDEDistributionItem: 0x7fbbc01386f0 'com.apple.dt.runtime.swiftFoundation' '<DVTFilePath:0x7fbbc08f14e0:'/Users/johnnysheng/Library/Developer/Xcode/Archives/2018-09-13/myMath 2018-9-13 下午3.27.xcarchive/Products/Applications/myMath.app/Frameworks/libswiftFoundation.dylib'>'> to: /var/folders/9z/cswx_nyx2p5bzx0whf_h4w5w0000gn/T/XcodeDistPipeline.asY/entitlementsQKV2Dw
2018-09-13 07:28:47 +0000  Running /usr/bin/codesign '-vvv' '--force' '--sign' 'E47FEF0686B536C8239E0D6A2F36B9BFB4766963' '--preserve-metadata=identifier,flags' '--entitlements' '/var/folders/9z/cswx_nyx2p5bzx0whf_h4w5w0000gn/T/XcodeDistPipeline.asY/entitlementsQKV2Dw' '/var/folders/9z/cswx_nyx2p5bzx0whf_h4w5w0000gn/T/XcodeDistPipeline.asY/Root/Payload/myMath.app/Frameworks/libswiftFoundation.dylib'
2018-09-13 07:28:47 +0000  /var/folders/9z/cswx_nyx2p5bzx0whf_h4w5w0000gn/T/XcodeDistPipeline.asY/Root/Payload/myMath.app/Frameworks/libswiftFoundation.dylib: replacing existing signature
2018-09-13 07:28:48 +0000  /var/folders/9z/cswx_nyx2p5bzx0whf_h4w5w0000gn/T/XcodeDistPipeline.asY/Root/Payload/myMath.app/Frameworks/libswiftFoundation.dylib: signed Mach-O universal (armv7 armv7s arm64) [com.apple.dt.runtime.swiftFoundation]
2018-09-13 07:28:48 +0000  2018-09-13 07:28:48 +0000  

2018-09-13 07:28:48 +0000  /usr/bin/codesign exited with 0
2018-09-13 07:28:48 +0000  
2018-09-13 07:28:48 +0000  
2018-09-13 07:28:48 +0000  Entitlements for <IDEDistributionItem: 0x7fbbbfc9aba0 'com.apple.dt.runtime.swiftMetal' '<DVTFilePath:0x7fbbc010cb80:'/Users/johnnysheng/Library/Developer/Xcode/Archives/2018-09-13/myMath 2018-9-13 下午3.27.xcarchive/Products/Applications/myMath.app/Frameworks/libswiftMetal.dylib'>'>: {
}
2018-09-13 07:28:48 +0000  Writing entitlements for <IDEDistributionItem: 0x7fbbbfc9aba0 'com.apple.dt.runtime.swiftMetal' '<DVTFilePath:0x7fbbc010cb80:'/Users/johnnysheng/Library/Developer/Xcode/Archives/2018-09-13/myMath 2018-9-13 下午3.27.xcarchive/Products/Applications/myMath.app/Frameworks/libswiftMetal.dylib'>'> to: /var/folders/9z/cswx_nyx2p5bzx0whf_h4w5w0000gn/T/XcodeDistPipeline.asY/entitlementsJQ3lEY
2018-09-13 07:28:48 +0000  Running /usr/bin/codesign '-vvv' '--force' '--sign' 'E47FEF0686B536C8239E0D6A2F36B9BFB4766963' '--preserve-metadata=identifier,flags' '--entitlements' '/var/folders/9z/cswx_nyx2p5bzx0whf_h4w5w0000gn/T/XcodeDistPipeline.asY/entitlementsJQ3lEY' '/var/folders/9z/cswx_nyx2p5bzx0whf_h4w5w0000gn/T/XcodeDistPipeline.asY/Root/Payload/myMath.app/Frameworks/libswiftMetal.dylib'
2018-09-13 07:28:48 +0000  /var/folders/9z/cswx_nyx2p5bzx0whf_h4w5w0000gn/T/XcodeDistPipeline.asY/Root/Payload/myMath.app/Frameworks/libswiftMetal.dylib: replacing existing signature
2018-09-13 07:28:48 +0000  /var/folders/9z/cswx_nyx2p5bzx0whf_h4w5w0000gn/T/XcodeDistPipeline.asY/Root/Payload/myMath.app/Frameworks/libswiftMetal.dylib: signed Mach-O universal (armv7 armv7s arm64) [com.apple.dt.runtime.swiftMetal]
2018-09-13 07:28:48 +0000  2018-09-13 07:28:48 +0000  

2018-09-13 07:28:48 +0000  /usr/bin/codesign exited with 0
2018-09-13 07:28:48 +0000  
2018-09-13 07:28:48 +0000  
2018-09-13 07:28:48 +0000  Entitlements for <IDEDistributionItem: 0x7fbbc0555b60 'com.apple.dt.runtime.swiftObjectiveC' '<DVTFilePath:0x7fbbbe53f690:'/Users/johnnysheng/Library/Developer/Xcode/Archives/2018-09-13/myMath 2018-9-13 下午3.27.xcarchive/Products/Applications/myMath.app/Frameworks/libswiftObjectiveC.dylib'>'>: {
}
2018-09-13 07:28:48 +0000  Writing entitlements for <IDEDistributionItem: 0x7fbbc0555b60 'com.apple.dt.runtime.swiftObjectiveC' '<DVTFilePath:0x7fbbbe53f690:'/Users/johnnysheng/Library/Developer/Xcode/Archives/2018-09-13/myMath 2018-9-13 下午3.27.xcarchive/Products/Applications/myMath.app/Frameworks/libswiftObjectiveC.dylib'>'> to: /var/folders/9z/cswx_nyx2p5bzx0whf_h4w5w0000gn/T/XcodeDistPipeline.asY/entitlements16hlwV
2018-09-13 07:28:48 +0000  Running /usr/bin/codesign '-vvv' '--force' '--sign' 'E47FEF0686B536C8239E0D6A2F36B9BFB4766963' '--preserve-metadata=identifier,flags' '--entitlements' '/var/folders/9z/cswx_nyx2p5bzx0whf_h4w5w0000gn/T/XcodeDistPipeline.asY/entitlements16hlwV' '/var/folders/9z/cswx_nyx2p5bzx0whf_h4w5w0000gn/T/XcodeDistPipeline.asY/Root/Payload/myMath.app/Frameworks/libswiftObjectiveC.dylib'
2018-09-13 07:28:48 +0000  /var/folders/9z/cswx_nyx2p5bzx0whf_h4w5w0000gn/T/XcodeDistPipeline.asY/Root/Payload/myMath.app/Frameworks/libswiftObjectiveC.dylib: replacing existing signature
2018-09-13 07:28:48 +0000  /var/folders/9z/cswx_nyx2p5bzx0whf_h4w5w0000gn/T/XcodeDistPipeline.asY/Root/Payload/myMath.app/Frameworks/libswiftObjectiveC.dylib: signed Mach-O universal (armv7 armv7s arm64) [com.apple.dt.runtime.swiftObjectiveC]
2018-09-13 07:28:48 +0000  2018-09-13 07:28:48 +0000  

2018-09-13 07:28:48 +0000  /usr/bin/codesign exited with 0
2018-09-13 07:28:48 +0000  2018-09-13 07:28:48 +0000  

2018-09-13 07:28:48 +0000  Entitlements for <IDEDistributionItem: 0x7fbbbfc28ca0 'com.apple.dt.runtime.swiftQuartzCore' '<DVTFilePath:0x7fbbc013e890:'/Users/johnnysheng/Library/Developer/Xcode/Archives/2018-09-13/myMath 2018-9-13 下午3.27.xcarchive/Products/Applications/myMath.app/Frameworks/libswiftQuartzCore.dylib'>'>: {
}
2018-09-13 07:28:48 +0000  Writing entitlements for <IDEDistributionItem: 0x7fbbbfc28ca0 'com.apple.dt.runtime.swiftQuartzCore' '<DVTFilePath:0x7fbbc013e890:'/Users/johnnysheng/Library/Developer/Xcode/Archives/2018-09-13/myMath 2018-9-13 下午3.27.xcarchive/Products/Applications/myMath.app/Frameworks/libswiftQuartzCore.dylib'>'> to: /var/folders/9z/cswx_nyx2p5bzx0whf_h4w5w0000gn/T/XcodeDistPipeline.asY/entitlementsgbwFZY
2018-09-13 07:28:48 +0000  Running /usr/bin/codesign '-vvv' '--force' '--sign' 'E47FEF0686B536C8239E0D6A2F36B9BFB4766963' '--preserve-metadata=identifier,flags' '--entitlements' '/var/folders/9z/cswx_nyx2p5bzx0whf_h4w5w0000gn/T/XcodeDistPipeline.asY/entitlementsgbwFZY' '/var/folders/9z/cswx_nyx2p5bzx0whf_h4w5w0000gn/T/XcodeDistPipeline.asY/Root/Payload/myMath.app/Frameworks/libswiftQuartzCore.dylib'
2018-09-13 07:28:49 +0000  /var/folders/9z/cswx_nyx2p5bzx0whf_h4w5w0000gn/T/XcodeDistPipeline.asY/Root/Payload/myMath.app/Frameworks/libswiftQuartzCore.dylib: replacing existing signature
2018-09-13 07:28:49 +0000  /var/folders/9z/cswx_nyx2p5bzx0whf_h4w5w0000gn/T/XcodeDistPipeline.asY/Root/Payload/myMath.app/Frameworks/libswiftQuartzCore.dylib: signed Mach-O universal (armv7 armv7s arm64) [com.apple.dt.runtime.swiftQuartzCore]
2018-09-13 07:28:49 +0000  
2018-09-13 07:28:49 +0000  
2018-09-13 07:28:49 +0000  /usr/bin/codesign exited with 02018-09-13 07:28:49 +0000  
2018-09-13 07:28:49 +0000  

2018-09-13 07:28:49 +0000  Entitlements for <IDEDistributionItem: 0x7fbbc016f280 'com.apple.dt.runtime.swiftUIKit' '<DVTFilePath:0x7fbbbee87470:'/Users/johnnysheng/Library/Developer/Xcode/Archives/2018-09-13/myMath 2018-9-13 下午3.27.xcarchive/Products/Applications/myMath.app/Frameworks/libswiftUIKit.dylib'>'>: {
}
2018-09-13 07:28:49 +0000  Writing entitlements for <IDEDistributionItem: 0x7fbbc016f280 'com.apple.dt.runtime.swiftUIKit' '<DVTFilePath:0x7fbbbee87470:'/Users/johnnysheng/Library/Developer/Xcode/Archives/2018-09-13/myMath 2018-9-13 下午3.27.xcarchive/Products/Applications/myMath.app/Frameworks/libswiftUIKit.dylib'>'> to: /var/folders/9z/cswx_nyx2p5bzx0whf_h4w5w0000gn/T/XcodeDistPipeline.asY/entitlementsUS3QXm
2018-09-13 07:28:49 +0000  Running /usr/bin/codesign '-vvv' '--force' '--sign' 'E47FEF0686B536C8239E0D6A2F36B9BFB4766963' '--preserve-metadata=identifier,flags' '--entitlements' '/var/folders/9z/cswx_nyx2p5bzx0whf_h4w5w0000gn/T/XcodeDistPipeline.asY/entitlementsUS3QXm' '/var/folders/9z/cswx_nyx2p5bzx0whf_h4w5w0000gn/T/XcodeDistPipeline.asY/Root/Payload/myMath.app/Frameworks/libswiftUIKit.dylib'
2018-09-13 07:28:49 +0000  /var/folders/9z/cswx_nyx2p5bzx0whf_h4w5w0000gn/T/XcodeDistPipeline.asY/Root/Payload/myMath.app/Frameworks/libswiftUIKit.dylib: replacing existing signature
2018-09-13 07:28:49 +0000  /var/folders/9z/cswx_nyx2p5bzx0whf_h4w5w0000gn/T/XcodeDistPipeline.asY/Root/Payload/myMath.app/Frameworks/libswiftUIKit.dylib: signed Mach-O universal (armv7 armv7s arm64) [com.apple.dt.runtime.swiftUIKit]
2018-09-13 07:28:49 +0000  2018-09-13 07:28:49 +0000  

2018-09-13 07:28:49 +0000  /usr/bin/codesign exited with 0
2018-09-13 07:28:49 +0000  2018-09-13 07:28:49 +0000  

2018-09-13 07:28:49 +0000  Entitlements for <IDEDistributionItem: 0x7fbbbe328210 'com.apple.dt.runtime.swiftos' '<DVTFilePath:0x7fbbc00112a0:'/Users/johnnysheng/Library/Developer/Xcode/Archives/2018-09-13/myMath 2018-9-13 下午3.27.xcarchive/Products/Applications/myMath.app/Frameworks/libswiftos.dylib'>'>: {
}
2018-09-13 07:28:49 +0000  Writing entitlements for <IDEDistributionItem: 0x7fbbbe328210 'com.apple.dt.runtime.swiftos' '<DVTFilePath:0x7fbbc00112a0:'/Users/johnnysheng/Library/Developer/Xcode/Archives/2018-09-13/myMath 2018-9-13 下午3.27.xcarchive/Products/Applications/myMath.app/Frameworks/libswiftos.dylib'>'> to: /var/folders/9z/cswx_nyx2p5bzx0whf_h4w5w0000gn/T/XcodeDistPipeline.asY/entitlementsNZH6Ey
2018-09-13 07:28:49 +0000  Running /usr/bin/codesign '-vvv' '--force' '--sign' 'E47FEF0686B536C8239E0D6A2F36B9BFB4766963' '--preserve-metadata=identifier,flags' '--entitlements' '/var/folders/9z/cswx_nyx2p5bzx0whf_h4w5w0000gn/T/XcodeDistPipeline.asY/entitlementsNZH6Ey' '/var/folders/9z/cswx_nyx2p5bzx0whf_h4w5w0000gn/T/XcodeDistPipeline.asY/Root/Payload/myMath.app/Frameworks/libswiftos.dylib'
2018-09-13 07:28:49 +0000  /var/folders/9z/cswx_nyx2p5bzx0whf_h4w5w0000gn/T/XcodeDistPipeline.asY/Root/Payload/myMath.app/Frameworks/libswiftos.dylib: replacing existing signature
2018-09-13 07:28:49 +0000  /var/folders/9z/cswx_nyx2p5bzx0whf_h4w5w0000gn/T/XcodeDistPipeline.asY/Root/Payload/myMath.app/Frameworks/libswiftos.dylib: signed Mach-O universal (armv7 armv7s arm64) [com.apple.dt.runtime.swiftos]
2018-09-13 07:28:49 +0000  2018-09-13 07:28:49 +0000  

2018-09-13 07:28:49 +0000  2018-09-13 07:28:49 +0000  /usr/bin/codesign exited with 0

2018-09-13 07:28:49 +0000  2018-09-13 07:28:49 +0000  

2018-09-13 07:28:49 +0000  Entitlements for <IDEDistributionItem: 0x7fbbc86903d0 'com.miasheng.myMath' '<DVTFilePath:0x7fbbbe7a6860:'/Users/johnnysheng/Library/Developer/Xcode/Archives/2018-09-13/myMath 2018-9-13 下午3.27.xcarchive/Products/Applications/myMath.app'>'>: {
    "application-identifier" = "49G6EPF4C7.com.miasheng.myMath";
    "beta-reports-active" = 1;
    "com.apple.developer.team-identifier" = JND9XWCEGQ;
    "get-task-allow" = 0;
    "keychain-access-groups" =     (
        "49G6EPF4C7.com.miasheng.myMath"
    );
}
2018-09-13 07:28:49 +0000  Writing entitlements for <IDEDistributionItem: 0x7fbbc86903d0 'com.miasheng.myMath' '<DVTFilePath:0x7fbbbe7a6860:'/Users/johnnysheng/Library/Developer/Xcode/Archives/2018-09-13/myMath 2018-9-13 下午3.27.xcarchive/Products/Applications/myMath.app'>'> to: /var/folders/9z/cswx_nyx2p5bzx0whf_h4w5w0000gn/T/XcodeDistPipeline.asY/entitlementsv7PsDJ
2018-09-13 07:28:49 +0000  Running /usr/bin/codesign '-vvv' '--force' '--sign' 'E47FEF0686B536C8239E0D6A2F36B9BFB4766963' '--preserve-metadata=identifier,flags' '--entitlements' '/var/folders/9z/cswx_nyx2p5bzx0whf_h4w5w0000gn/T/XcodeDistPipeline.asY/entitlementsv7PsDJ' '/var/folders/9z/cswx_nyx2p5bzx0whf_h4w5w0000gn/T/XcodeDistPipeline.asY/Root/Payload/myMath.app'
2018-09-13 07:28:51 +0000  /var/folders/9z/cswx_nyx2p5bzx0whf_h4w5w0000gn/T/XcodeDistPipeline.asY/Root/Payload/myMath.app: signed app bundle with Mach-O thin (arm64) [com.miasheng.myMath]
2018-09-13 07:28:51 +0000  2018-09-13 07:28:51 +0000  

2018-09-13 07:28:51 +0000  /usr/bin/codesign exited with 0
2018-09-13 07:28:51 +0000  2018-09-13 07:28:51 +0000  

2018-09-13 07:28:51 +0000  Processing step: IDEDistributionStreamingZipItemStep
2018-09-13 07:28:51 +0000  Skipping step: IDEDistributionStreamingZipItemStep because it said so
2018-09-13 07:28:51 +0000  Skipping step: IDEDistributionStreamingZipItemStep because it said so
2018-09-13 07:28:51 +0000  Skipping step: IDEDistributionStreamingZipItemStep because it said so
2018-09-13 07:28:51 +0000  Skipping step: IDEDistributionStreamingZipItemStep because it said so
2018-09-13 07:28:51 +0000  Skipping step: IDEDistributionStreamingZipItemStep because it said so
2018-09-13 07:28:51 +0000  Skipping step: IDEDistributionStreamingZipItemStep because it said so
2018-09-13 07:28:51 +0000  Skipping step: IDEDistributionStreamingZipItemStep because it said so
2018-09-13 07:28:51 +0000  Skipping step: IDEDistributionStreamingZipItemStep because it said so
2018-09-13 07:28:51 +0000  Skipping step: IDEDistributionStreamingZipItemStep because it said so
2018-09-13 07:28:51 +0000  Skipping step: IDEDistributionStreamingZipItemStep because it said so
2018-09-13 07:28:51 +0000  Skipping step: IDEDistributionStreamingZipItemStep because it said so
2018-09-13 07:28:51 +0000  Skipping step: IDEDistributionStreamingZipItemStep because it said so
2018-09-13 07:28:51 +0000  Skipping step: IDEDistributionStreamingZipItemStep because it said so
2018-09-13 07:28:51 +0000  Processing step: IDEDistributionCreateIPAStep
2018-09-13 07:28:51 +0000  Running /usr/bin/rsync '-8aPhhE' '/var/folders/9z/cswx_nyx2p5bzx0whf_h4w5w0000gn/T/XcodeDistPipeline.asY/Symbols' '--link-dest' '/var/folders/9z/cswx_nyx2p5bzx0whf_h4w5w0000gn/T/XcodeDistPipeline.asY' '/var/folders/9z/cswx_nyx2p5bzx0whf_h4w5w0000gn/T/XcodeDistPipeline.asY/Root'
2018-09-13 07:28:51 +0000  building file list ... 
2018-09-13 07:28:51 +0000   0 files...2018-09-13 07:28:51 +0000  37 files to consider
2018-09-13 07:28:51 +0000  Symbols/
2018-09-13 07:28:51 +0000  
2018-09-13 07:28:51 +0000  sent 2.01K bytes  received 26 bytes  4.07K bytes/sec
total size is 15.28M  speedup is 7697.36
2018-09-13 07:28:51 +0000  
2018-09-13 07:28:51 +0000  2018-09-13 07:28:51 +0000  /usr/bin/rsync exited with 0

2018-09-13 07:28:51 +0000  2018-09-13 07:28:51 +0000  

2018-09-13 07:28:51 +0000  Running /usr/bin/ditto '-V' '-c' '-k' '--norsrc' '/var/folders/9z/cswx_nyx2p5bzx0whf_h4w5w0000gn/T/XcodeDistPipeline.asY/Root' '/var/folders/9z/cswx_nyx2p5bzx0whf_h4w5w0000gn/T/XcodeDistPipeline.asY/Packages/myMath.ipa'
2018-09-13 07:28:51 +0000  >>> Copying /var/folders/9z/cswx_nyx2p5bzx0whf_h4w5w0000gn/T/XcodeDistPipeline.asY/Root 
2018-09-13 07:28:51 +0000  copying file ./BCSymbolMaps/78E93332-7B1A-3185-AD25-FCAE7023ECBE.bcsymbolmap ... 
2018-09-13 07:28:51 +0000  36725 bytes for ./BCSymbolMaps/78E93332-7B1A-3185-AD25-FCAE7023ECBE.bcsymbolmap
2018-09-13 07:28:51 +0000  copying file ./Payload/myMath.app/_CodeSignature/CodeResources ... 
2018-09-13 07:28:51 +0000  7333 bytes for ./Payload/myMath.app/_CodeSignature/CodeResources
2018-09-13 07:28:51 +0000  copying file ./Payload/myMath.app/Base.lproj/Main.storyboardc/f64-qX-FdI-view-Hic-xZ-A6G.nib ... 
2018-09-13 07:28:51 +0000  5534 bytes for ./Payload/myMath.app/Base.lproj/Main.storyboardc/f64-qX-FdI-view-Hic-xZ-A6G.nib
2018-09-13 07:28:51 +0000  copying file ./Payload/myMath.app/Base.lproj/Main.storyboardc/UINavigationController-kiq-vb-tMy.nib ... 
2018-09-13 07:28:51 +0000  1709 bytes for ./Payload/myMath.app/Base.lproj/Main.storyboardc/UINavigationController-kiq-vb-tMy.nib
copying file ./Payload/myMath.app/Base.lproj/Main.storyboardc/Info.plist ... 
2018-09-13 07:28:51 +0000  276 bytes for ./Payload/myMath.app/Base.lproj/Main.storyboardc/Info.plist
copying file ./Payload/myMath.app/Base.lproj/LaunchScreen.storyboardc/01J-lp-oVM-view-Ze5-6b-2t3.nib ... 
2018-09-13 07:28:51 +0000  1136 bytes for ./Payload/myMath.app/Base.lproj/LaunchScreen.storyboardc/01J-lp-oVM-view-Ze5-6b-2t3.nib
2018-09-13 07:28:51 +0000  copying file ./Payload/myMath.app/Base.lproj/LaunchScreen.storyboardc/UIViewController-01J-lp-oVM.nib ... 
2018-09-13 07:28:51 +0000  832 bytes for ./Payload/myMath.app/Base.lproj/LaunchScreen.storyboardc/UIViewController-01J-lp-oVM.nib
copying file ./Payload/myMath.app/Base.lproj/LaunchScreen.storyboardc/Info.plist ... 
2018-09-13 07:28:51 +0000  258 bytes for ./Payload/myMath.app/Base.lproj/LaunchScreen.storyboardc/Info.plist
copying file ./Payload/myMath.app/Frameworks/libswiftCoreImage.dylib ... 
2018-09-13 07:28:51 +0000  349760 bytes for ./Payload/myMath.app/Frameworks/libswiftCoreImage.dylib
copying file ./Payload/myMath.app/Frameworks/libswiftObjectiveC.dylib ... 
2018-09-13 07:28:51 +0000  596240 bytes for ./Payload/myMath.app/Frameworks/libswiftObjectiveC.dylib
copying file ./Payload/myMath.app/Frameworks/libswiftCore.dylib ... 
2018-09-13 07:28:54 +0000  66704688 bytes for ./Payload/myMath.app/Frameworks/libswiftCore.dylib
copying file ./Payload/myMath.app/Frameworks/libswiftCoreGraphics.dylib ... 
2018-09-13 07:28:54 +0000  1637920 bytes for ./Payload/myMath.app/Frameworks/libswiftCoreGraphics.dylib
copying file ./Payload/myMath.app/Frameworks/libswiftUIKit.dylib ... 
2018-09-13 07:28:54 +0000  1085152 bytes for ./Payload/myMath.app/Frameworks/libswiftUIKit.dylib
copying file ./Payload/myMath.app/Frameworks/libswiftMetal.dylib ... 
2018-09-13 07:28:54 +0000  458256 bytes for ./Payload/myMath.app/Frameworks/libswiftMetal.dylib
copying file ./Payload/myMath.app/Frameworks/libswiftDispatch.dylib ... 
2018-09-13 07:28:55 +0000  2764432 bytes for ./Payload/myMath.app/Frameworks/libswiftDispatch.dylib
2018-09-13 07:28:55 +0000  copying file ./Payload/myMath.app/Frameworks/libswiftos.dylib ... 
2018-09-13 07:28:55 +0000  506528 bytes for ./Payload/myMath.app/Frameworks/libswiftos.dylib
copying file ./Payload/myMath.app/Frameworks/libswiftCoreFoundation.dylib ... 
2018-09-13 07:28:55 +0000  299872 bytes for ./Payload/myMath.app/Frameworks/libswiftCoreFoundation.dylib
copying file ./Payload/myMath.app/Frameworks/libswiftDarwin.dylib ... 
2018-09-13 07:28:55 +0000  848096 bytes for ./Payload/myMath.app/Frameworks/libswiftDarwin.dylib
copying file ./Payload/myMath.app/Frameworks/libswiftQuartzCore.dylib ... 
2018-09-13 07:28:55 +0000  352752 bytes for ./Payload/myMath.app/Frameworks/libswiftQuartzCore.dylib
copying file ./Payload/myMath.app/Frameworks/libswiftFoundation.dylib ... 
2018-09-13 07:28:57 +0000  30207376 bytes for ./Payload/myMath.app/Frameworks/libswiftFoundation.dylib
2018-09-13 07:28:57 +0000  copying file ./Payload/myMath.app/embedded.mobileprovision ... 
9483 bytes for ./Payload/myMath.app/embedded.mobileprovision
copying file ./Payload/myMath.app/Info.plist ... 
1142 bytes for ./Payload/myMath.app/Info.plist
copying file ./Payload/myMath.app/PkgInfo ... 
8 bytes for ./Payload/myMath.app/PkgInfo
copying file ./Payload/myMath.app/myMath ... 
2018-09-13 07:28:57 +0000  262240 bytes for ./Payload/myMath.app/myMath
2018-09-13 07:28:57 +0000  copying file ./SwiftSupport/iphoneos/libswiftCoreImage.dylib ... 
2018-09-13 07:28:57 +0000  307520 bytes for ./SwiftSupport/iphoneos/libswiftCoreImage.dylib
copying file ./SwiftSupport/iphoneos/libswiftObjectiveC.dylib ... 
2018-09-13 07:28:57 +0000  553984 bytes for ./SwiftSupport/iphoneos/libswiftObjectiveC.dylib
copying file ./SwiftSupport/iphoneos/libswiftCore.dylib ... 
2018-09-13 07:29:01 +0000  66662432 bytes for ./SwiftSupport/iphoneos/libswiftCore.dylib
copying file ./SwiftSupport/iphoneos/libswiftCoreGraphics.dylib ... 
2018-09-13 07:29:01 +0000  1628432 bytes for ./SwiftSupport/iphoneos/libswiftCoreGraphics.dylib
copying file ./SwiftSupport/iphoneos/libswiftUIKit.dylib ... 
2018-09-13 07:29:01 +0000  1042912 bytes for ./SwiftSupport/iphoneos/libswiftUIKit.dylib
copying file ./SwiftSupport/iphoneos/libswiftMetal.dylib ... 
2018-09-13 07:29:01 +0000  448768 bytes for ./SwiftSupport/iphoneos/libswiftMetal.dylib
copying file ./SwiftSupport/iphoneos/libswiftDispatch.dylib ... 
2018-09-13 07:29:01 +0000  2722176 bytes for ./SwiftSupport/iphoneos/libswiftDispatch.dylib
copying file ./SwiftSupport/iphoneos/libswiftos.dylib ... 
2018-09-13 07:29:01 +0000  497040 bytes for ./SwiftSupport/iphoneos/libswiftos.dylib
copying file ./SwiftSupport/iphoneos/libswiftCoreFoundation.dylib ... 
2018-09-13 07:29:01 +0000  257616 bytes for ./SwiftSupport/iphoneos/libswiftCoreFoundation.dylib
2018-09-13 07:29:01 +0000  copying file ./SwiftSupport/iphoneos/libswiftDarwin.dylib ... 
2018-09-13 07:29:01 +0000  838608 bytes for ./SwiftSupport/iphoneos/libswiftDarwin.dylib
copying file ./SwiftSupport/iphoneos/libswiftQuartzCore.dylib ... 
2018-09-13 07:29:01 +0000  310496 bytes for ./SwiftSupport/iphoneos/libswiftQuartzCore.dylib
copying file ./SwiftSupport/iphoneos/libswiftFoundation.dylib ... 
2018-09-13 07:29:03 +0000  30165120 bytes for ./SwiftSupport/iphoneos/libswiftFoundation.dylib
2018-09-13 07:29:03 +0000  copying file ./Symbols/FB5160D0-DC38-32E1-97CA-A2EEE72A8D80.symbols ... 
21552 bytes for ./Symbols/FB5160D0-DC38-32E1-97CA-A2EEE72A8D80.symbols
copying file ./Symbols/599F2CCE-4E8B-3255-9DDF-69DB9AA48764.symbols ... 
2018-09-13 07:29:03 +0000  2368 bytes for ./Symbols/599F2CCE-4E8B-3255-9DDF-69DB9AA48764.symbols
copying file ./Symbols/0E333FDA-7200-3860-A53D-7604CEC3DC48.symbols ... 
2018-09-13 07:29:03 +0000  2728 bytes for ./Symbols/0E333FDA-7200-3860-A53D-7604CEC3DC48.symbols
2018-09-13 07:29:03 +0000  copying file ./Symbols/AFC3DE45-AD58-3589-A978-26E2E97352C6.symbols ... 
2018-09-13 07:29:03 +0000  12760 bytes for ./Symbols/AFC3DE45-AD58-3589-A978-26E2E97352C6.symbols
2018-09-13 07:29:03 +0000  copying file ./Symbols/C5221413-9E18-342D-856E-F235DAA6A43A.symbols ... 
2018-09-13 07:29:03 +0000  44536 bytes for ./Symbols/C5221413-9E18-342D-856E-F235DAA6A43A.symbols
2018-09-13 07:29:03 +0000  copying file ./Symbols/D164CEE7-BC83-303F-8C3C-CC58F19C60DC.symbols ... 
2018-09-13 07:29:03 +0000  221720 bytes for ./Symbols/D164CEE7-BC83-303F-8C3C-CC58F19C60DC.symbols
2018-09-13 07:29:03 +0000  copying file ./Symbols/F27E68E1-3DF3-3593-A742-E2BB8A2B27D1.symbols ... 
2018-09-13 07:29:03 +0000  103104 bytes for ./Symbols/F27E68E1-3DF3-3593-A742-E2BB8A2B27D1.symbols
2018-09-13 07:29:03 +0000  copying file ./Symbols/2DDBE489-5355-3F49-B5EB-3E402BF3EEED.symbols ... 
2018-09-13 07:29:03 +0000  12952 bytes for ./Symbols/2DDBE489-5355-3F49-B5EB-3E402BF3EEED.symbols
2018-09-13 07:29:03 +0000  copying file ./Symbols/FB3B98BE-29F3-3323-B1B8-62C00C4E1241.symbols ... 
2018-09-13 07:29:03 +0000  21552 bytes for ./Symbols/FB3B98BE-29F3-3323-B1B8-62C00C4E1241.symbols
2018-09-13 07:29:03 +0000  copying file ./Symbols/5DF1CCA7-DA49-3AE6-BC61-AAF18034779E.symbols ... 
2018-09-13 07:29:03 +0000  6928 bytes for ./Symbols/5DF1CCA7-DA49-3AE6-BC61-AAF18034779E.symbols
2018-09-13 07:29:03 +0000  copying file ./Symbols/D40DEF73-60A6-339D-843D-88F258576F65.symbols ... 
2018-09-13 07:29:03 +0000  2472 bytes for ./Symbols/D40DEF73-60A6-339D-843D-88F258576F65.symbols
copying file ./Symbols/52C534E7-F10B-3B31-AF3E-312445095B81.symbols ... 
2018-09-13 07:29:03 +0000  13208 bytes for ./Symbols/52C534E7-F10B-3B31-AF3E-312445095B81.symbols
copying file ./Symbols/8887AE77-E0E6-33F5-BC91-47F1C42DF36C.symbols ... 
2018-09-13 07:29:03 +0000  6592 bytes for ./Symbols/8887AE77-E0E6-33F5-BC91-47F1C42DF36C.symbols
2018-09-13 07:29:03 +0000  copying file ./Symbols/81A30183-A8CF-3108-B15E-065E35312712.symbols ... 
2018-09-13 07:29:03 +0000  223640 bytes for ./Symbols/81A30183-A8CF-3108-B15E-065E35312712.symbols
2018-09-13 07:29:03 +0000  copying file ./Symbols/60527F18-9766-3316-9C14-39EC7AEE013E.symbols ... 
2018-09-13 07:29:03 +0000  3347936 bytes for ./Symbols/60527F18-9766-3316-9C14-39EC7AEE013E.symbols
2018-09-13 07:29:03 +0000  copying file ./Symbols/181EE94A-59DC-3A9A-8A6A-064E95EBC254.symbols ... 
2018-09-13 07:29:03 +0000  1511904 bytes for ./Symbols/181EE94A-59DC-3A9A-8A6A-064E95EBC254.symbols
copying file ./Symbols/4FE54383-0B38-3378-B946-C669DD45FDD0.symbols ... 
2018-09-13 07:29:03 +0000  3329416 bytes for ./Symbols/4FE54383-0B38-3378-B946-C669DD45FDD0.symbols
copying file ./Symbols/AA29266D-D3A3-3D30-A668-A358052E1AAA.symbols ... 
2018-09-13 07:29:03 +0000  103176 bytes for ./Symbols/AA29266D-D3A3-3D30-A668-A358052E1AAA.symbols
copying file ./Symbols/8C36E2E2-5504-31E9-BFBA-2D7B3C1B929B.symbols ... 
2018-09-13 07:29:03 +0000  102384 bytes for ./Symbols/8C36E2E2-5504-31E9-BFBA-2D7B3C1B929B.symbols
2018-09-13 07:29:03 +0000  copying file ./Symbols/062BD1C4-0293-3010-B791-EB1A4D4DC93B.symbols ... 
2018-09-13 07:29:03 +0000  21592 bytes for ./Symbols/062BD1C4-0293-3010-B791-EB1A4D4DC93B.symbols
2018-09-13 07:29:03 +0000  copying file ./Symbols/527DFD5B-F74E-35EC-AE84-2436FC6763FF.symbols ... 
2018-09-13 07:29:03 +0000  12952 bytes for ./Symbols/527DFD5B-F74E-35EC-AE84-2436FC6763FF.symbols
2018-09-13 07:29:03 +0000  copying file ./Symbols/412B48C6-07FB-3096-A8F4-2FA3C159B67A.symbols ... 
2018-09-13 07:29:03 +0000  60000 bytes for ./Symbols/412B48C6-07FB-3096-A8F4-2FA3C159B67A.symbols
2018-09-13 07:29:03 +0000  copying file ./Symbols/CDD1E457-083C-3DA5-9500-DCAC844406CE.symbols ... 
2018-09-13 07:29:03 +0000  13208 bytes for ./Symbols/CDD1E457-083C-3DA5-9500-DCAC844406CE.symbols
2018-09-13 07:29:03 +0000  copying file ./Symbols/BC58E020-DAF4-3E8C-B605-9F213E5AEEDC.symbols ... 
2018-09-13 07:29:03 +0000  43960 bytes for ./Symbols/BC58E020-DAF4-3E8C-B605-9F213E5AEEDC.symbols
2018-09-13 07:29:03 +0000  copying file ./Symbols/5148ACA6-CD45-3355-81A1-B6C9274FA4ED.symbols ... 
2018-09-13 07:29:03 +0000  60328 bytes for ./Symbols/5148ACA6-CD45-3355-81A1-B6C9274FA4ED.symbols
copying file ./Symbols/53726A84-1516-36DA-A562-7ACBD8725367.symbols ... 
2018-09-13 07:29:03 +0000  13120 bytes for ./Symbols/53726A84-1516-36DA-A562-7ACBD8725367.symbols
copying file ./Symbols/C589B88B-F3EA-3544-8B25-4AA48143606C.symbols ... 
2018-09-13 07:29:03 +0000  223712 bytes for ./Symbols/C589B88B-F3EA-3544-8B25-4AA48143606C.symbols
2018-09-13 07:29:03 +0000  copying file ./Symbols/E825EC9B-B58D-3A10-8398-70039E63709A.symbols ... 
2018-09-13 07:29:03 +0000  2368 bytes for ./Symbols/E825EC9B-B58D-3A10-8398-70039E63709A.symbols
2018-09-13 07:29:03 +0000  copying file ./Symbols/D0DE7B83-C6A5-3D19-AC61-12FBA3B84309.symbols ... 
2018-09-13 07:29:04 +0000  1506160 bytes for ./Symbols/D0DE7B83-C6A5-3D19-AC61-12FBA3B84309.symbols
2018-09-13 07:29:04 +0000  copying file ./Symbols/0A1F05C0-B97E-3A2D-9641-94E42172B5F6.symbols ... 
2018-09-13 07:29:04 +0000  2816 bytes for ./Symbols/0A1F05C0-B97E-3A2D-9641-94E42172B5F6.symbols
2018-09-13 07:29:04 +0000  copying file ./Symbols/00E1AB28-6A0D-308A-8401-7CA1137C57B6.symbols ... 
2018-09-13 07:29:04 +0000  60328 bytes for ./Symbols/00E1AB28-6A0D-308A-8401-7CA1137C57B6.symbols
2018-09-13 07:29:04 +0000  copying file ./Symbols/49FCED25-5BAB-3B4B-8806-7054BCEDF6C0.symbols ... 
2018-09-13 07:29:04 +0000  6592 bytes for ./Symbols/49FCED25-5BAB-3B4B-8806-7054BCEDF6C0.symbols
2018-09-13 07:29:04 +0000  copying file ./Symbols/58A03362-38CB-3412-A3C9-5348EACE6943.symbols ... 
2018-09-13 07:29:04 +0000  1512048 bytes for ./Symbols/58A03362-38CB-3412-A3C9-5348EACE6943.symbols
2018-09-13 07:29:04 +0000  copying file ./Symbols/5D37943C-EAED-3B1B-9CB3-4738BE6F2561.symbols ... 
2018-09-13 07:29:04 +0000  44536 bytes for ./Symbols/5D37943C-EAED-3B1B-9CB3-4738BE6F2561.symbols
copying file ./Symbols/E8EF3E0F-39CF-3791-A8CC-AEB2C3CEBB1D.symbols ... 
2018-09-13 07:29:04 +0000  2728 bytes for ./Symbols/E8EF3E0F-39CF-3791-A8CC-AEB2C3CEBB1D.symbols
copying file ./Symbols/09D4FF65-6FD5-3605-AAE3-0AB98E9C1472.symbols ... 
2018-09-13 07:29:04 +0000  3348520 bytes for ./Symbols/09D4FF65-6FD5-3605-AAE3-0AB98E9C1472.symbols
2018-09-13 07:29:04 +0000  2018-09-13 07:29:04 +0000  

2018-09-13 07:29:04 +0000  /usr/bin/ditto exited with 0
2018-09-13 07:29:04 +0000  
2018-09-13 07:29:04 +0000  2018-09-13 07:29:04 +0000  Processing step: IDEDistributionCreateManifestStep

2018-09-13 07:29:04 +0000  Skipping step: IDEDistributionCreateManifestStep because it said so
